#
# A fatal error has been detected by the Java Runtime Environment:
#
#  EXCEPTION_UNCAUGHT_CXX_EXCEPTION (0xe06d7363) at pc=0x000007fefe7da06d, pid=6336, tid=4260
#
# JRE version: Java(TM) SE Runtime Environment (8.0_05-b13) (build 1.8.0_05-b13)
# Java VM: Java HotSpot(TM) 64-Bit Server VM (25.5-b02 mixed mode windows-amd64 compressed oops)
# Problematic frame:
# C  [KERNELBASE.dll+0x1a06d]
#
# Failed to write core dump. Minidumps are not enabled by default on client versions of Windows
#
# If you would like to submit a bug report, please visit:
#   http://bugreport.sun.com/bugreport/crash.jsp
# The crash happened outside the Java Virtual Machine in native code.
# See problematic frame for where to report the bug.
#

---------------  T H R E A D  ---------------

Current thread (0x0000000001ffa000):  JavaThread "main" [_thread_in_native, id=4260, stack(0x00000000029b0000,0x0000000002ab0000)]

siginfo: ExceptionCode=0xe06d7363, ExceptionInformation=0x0000000019930520 0x0000000002a9ef60 0x000007feea28cd78 0x000007feea040000 

Registers:
RAX=0x00000000708db99b, RBX=0x000007feea28cd78, RCX=0x0000000002a9e7d0, RDX=0x00000000000000d0
RSP=0x0000000002a9ede0, RBP=0x0000000002a9ef10, RSI=0x000007fee9171238, RDI=0x0000000002a9ef60
R8 =0x0000000000000000, R9 =0x0000000000000000, R10=0x000007feea040000, R11=0x0000000002a9ee20
R12=0x00000000ffffff29, R13=0x0000000000000000, R14=0x000007fee9170b80, R15=0x0000000002aaf100
RIP=0x000007fefe7da06d, EFLAGS=0x0000000000000202

Top of Stack: (sp=0x0000000002a9ede0)
0x0000000002a9ede0:   000007feea28cd78 000007fee9171238
0x0000000002a9edf0:   0000000002a9ef60 000007feeed8a1ae
0x0000000002a9ee00:   00000001e06d7363 0000000000000000
0x0000000002a9ee10:   000007fefe7da06d 000007fe00000004
0x0000000002a9ee20:   0000000019930520 0000000002a9ef60
0x0000000002a9ee30:   000007feea28cd78 000007feea040000
0x0000000002a9ee40:   0000000000000002 0000000002a9eec8
0x0000000002a9ee50:   0000000000000000 0000000000000002
0x0000000002a9ee60:   000000000034b8a0 000007fee9170b80
0x0000000002a9ee70:   0000000002a9ef60 000007feeed7d306
0x0000000002a9ee80:   000007fee9170b80 0000000000000000
0x0000000002a9ee90:   00000000ffffff29 0000000002a9ef60
0x0000000002a9eea0:   000007fee9171238 000007feeed7ef63
0x0000000002a9eeb0:   000007feea28cd78 0000000002a9ef20
0x0000000002a9eec0:   000007fe00000001 000007feea040100
0x0000000002a9eed0:   00000001e06d7363 0000000000000000 

Instructions: (pc=0x000007fefe7da06d)
0x000007fefe7da04d:   54 24 24 48 89 4c 24 28 4d 85 c9 0f 85 6a 03 00
0x000007fefe7da05d:   00 89 4c 24 38 48 8d 4c 24 20 ff 15 33 02 03 00
0x000007fefe7da06d:   48 81 c4 c8 00 00 00 c3 90 90 90 90 90 90 90 90
0x000007fefe7da07d:   90 90 90 48 83 ec 28 65 48 8b 04 25 30 00 00 00 


Register to memory mapping:

RAX=0x00000000708db99b is an unknown value
RBX=0x000007feea28cd78 is an unknown value
RCX=0x0000000002a9e7d0 is pointing into the stack for thread: 0x0000000001ffa000
RDX=0x00000000000000d0 is an unknown value
RSP=0x0000000002a9ede0 is pointing into the stack for thread: 0x0000000001ffa000
RBP=0x0000000002a9ef10 is pointing into the stack for thread: 0x0000000001ffa000
RSI=0x000007fee9171238 is an unknown value
RDI=0x0000000002a9ef60 is pointing into the stack for thread: 0x0000000001ffa000
R8 =0x0000000000000000 is an unknown value
R9 =0x0000000000000000 is an unknown value
R10=0x000007feea040000 is an unknown value
R11=0x0000000002a9ee20 is pointing into the stack for thread: 0x0000000001ffa000
R12=0x00000000ffffff29 is an unallocated location in the heap
R13=0x0000000000000000 is an unknown value
R14=0x000007fee9170b80 is an unknown value
R15=0x0000000002aaf100 is pointing into the stack for thread: 0x0000000001ffa000


Stack: [0x00000000029b0000,0x0000000002ab0000],  sp=0x0000000002a9ede0,  free space=955k
Native frames: (J=compiled Java code, j=interpreted, Vv=VM code, C=native code)
C  [KERNELBASE.dll+0x1a06d]
C  [msvcr120.dll+0x5ef63]
C  [opencv_core320.dll+0x1a2c34]
C  [opencv_core320.dll+0x1a2d76]
C  [opencv_imgproc320.dll+0x46c7a]
C  [jniopencv_imgproc.dll+0x6e52d]
C  0x00000000101c518e

Java frames: (J=compiled Java code, j=interpreted, Vv=VM code)
j  org.bytedeco.javacpp.opencv_imgproc.cvCvtColor(Lorg/bytedeco/javacpp/helper/opencv_core$CvArr;Lorg/bytedeco/javacpp/helper/opencv_core$CvArr;I)V+0
j  FaceRecognizerInVideo.main([Ljava/lang/String;)V+160
v  ~StubRoutines::call_stub

---------------  P R O C E S S  ---------------

Java Threads: ( => current thread )
  0x0000000008a4c800 JavaThread "AWT-EventQueue-0" [_thread_blocked, id=5788, stack(0x000000000c100000,0x000000000c200000)]
  0x0000000008b87800 JavaThread "AWT-Windows" daemon [_thread_in_native, id=5284, stack(0x000000000bbe0000,0x000000000bce0000)]
  0x0000000008d87800 JavaThread "AWT-Shutdown" [_thread_blocked, id=6408, stack(0x000000000bdd0000,0x000000000bed0000)]
  0x0000000008d87000 JavaThread "Java2D Disposer" daemon [_thread_blocked, id=5088, stack(0x000000000bae0000,0x000000000bbe0000)]
  0x0000000008079800 JavaThread "JavaCPP Deallocator" daemon [_thread_blocked, id=360, stack(0x00000000087b0000,0x00000000088b0000)]
  0x0000000007dcf800 JavaThread "Service Thread" daemon [_thread_blocked, id=6568, stack(0x00000000084f0000,0x00000000085f0000)]
  0x0000000007d5b800 JavaThread "C1 CompilerThread2" daemon [_thread_blocked, id=7088, stack(0x00000000077b0000,0x00000000078b0000)]
  0x0000000007d5a800 JavaThread "C2 CompilerThread1" daemon [_thread_blocked, id=2736, stack(0x0000000007370000,0x0000000007470000)]
  0x0000000007d50800 JavaThread "C2 CompilerThread0" daemon [_thread_blocked, id=368, stack(0x0000000008260000,0x0000000008360000)]
  0x000000000648c800 JavaThread "Attach Listener" daemon [_thread_blocked, id=1508, stack(0x0000000007c50000,0x0000000007d50000)]
  0x0000000006489000 JavaThread "Signal Dispatcher" daemon [_thread_blocked, id=5532, stack(0x0000000007a30000,0x0000000007b30000)]
  0x0000000006421800 JavaThread "Finalizer" daemon [_thread_blocked, id=4152, stack(0x00000000078b0000,0x00000000079b0000)]
  0x000000000641c000 JavaThread "Reference Handler" daemon [_thread_blocked, id=5508, stack(0x0000000007670000,0x0000000007770000)]
=>0x0000000001ffa000 JavaThread "main" [_thread_in_native, id=4260, stack(0x00000000029b0000,0x0000000002ab0000)]

Other Threads:
  0x0000000006418000 VMThread [stack: 0x0000000007470000,0x0000000007570000] [id=5148]
  0x0000000007dea800 WatcherThread [stack: 0x0000000008690000,0x0000000008790000] [id=4412]

VM state:not at safepoint (normal execution)

VM Mutex/Monitor currently owned by a thread: None

Heap:
 PSYoungGen      total 11776K, used 4258K [0x00000000eb200000, 0x00000000ebe80000, 0x0000000100000000)
  eden space 10752K, 36% used [0x00000000eb200000,0x00000000eb5d0890,0x00000000ebc80000)
  from space 1024K, 34% used [0x00000000ebd80000,0x00000000ebdd8000,0x00000000ebe80000)
  to   space 1024K, 0% used [0x00000000ebc80000,0x00000000ebc80000,0x00000000ebd80000)
 ParOldGen       total 64000K, used 9270K [0x00000000c1600000, 0x00000000c5480000, 0x00000000eb200000)
  object space 64000K, 14% used [0x00000000c1600000,0x00000000c1f0d970,0x00000000c5480000)
 Metaspace       used 11382K, capacity 11492K, committed 11648K, reserved 1058816K
  class space    used 1303K, capacity 1343K, committed 1408K, reserved 1048576K

Card table byte_map: [0x0000000002e70000,0x0000000003070000] byte_map_base: 0x0000000002865000

Marking Bits: (ParMarkBitMap*) 0x00000000678c13b0
 Begin Bits: [0x0000000003940000, 0x00000000048e8000)
 End Bits:   [0x00000000048e8000, 0x0000000005890000)

Polling page: 0x0000000000240000

CodeCache: size=245760Kb used=3184Kb max_used=3194Kb free=242575Kb
 bounds [0x00000000101b0000, 0x00000000104e0000, 0x000000001f1b0000]
 total_blobs=1365 nmethods=813 adapters=466
 compilation: enabled

Compilation events (10 events):
Event: 1.613 Thread 0x0000000007d50800 nmethod 809 0x00000000104c3410 code [0x00000000104c3540, 0x00000000104c35b8]
Event: 1.613 Thread 0x0000000007d5a800 nmethod 808 0x00000000104c1c10 code [0x00000000104c1d40, 0x00000000104c1e18]
Event: 1.618 Thread 0x0000000007d5b800  810 %     3       org.bytedeco.javacv.Java2DFrameConverter::flipCopyWithGamma @ 484 (608 bytes)
Event: 1.620 Thread 0x0000000007d5b800 nmethod 810% 0x00000000104c4e10 code [0x00000000104c5280, 0x00000000104c88a8]
Event: 1.620 Thread 0x0000000007d5b800  811       3       org.bytedeco.javacv.Java2DFrameConverter::flipCopyWithGamma (608 bytes)
Event: 1.622 Thread 0x0000000007d5b800 nmethod 811 0x00000000104c9c10 code [0x00000000104ca060, 0x00000000104cd168]
Event: 1.622 Thread 0x0000000007d50800  812 %     4       org.bytedeco.javacv.Java2DFrameConverter::flipCopyWithGamma @ 484 (608 bytes)
Event: 1.639 Thread 0x0000000007d5b800  814       3       java.lang.Math::round (56 bytes)
Event: 1.639 Thread 0x0000000007d5b800 nmethod 814 0x00000000104c1410 code [0x00000000104c1580, 0x00000000104c17b0]
Event: 1.657 Thread 0x0000000007d50800 nmethod 812% 0x00000000104d0490 code [0x00000000104d0740, 0x00000000104d2160]

GC Heap History (10 events):
Event: 0.290 GC heap before
{Heap before GC invocations=8 (full 0):
 PSYoungGen      total 3072K, used 2592K [0x00000000eb200000, 0x00000000eb800000, 0x0000000100000000)
  eden space 2048K, 100% used [0x00000000eb200000,0x00000000eb400000,0x00000000eb400000)
  from space 1024K, 53% used [0x00000000eb400000,0x00000000eb488000,0x00000000eb500000)
  to   space 1024K, 0% used [0x00000000eb700000,0x00000000eb700000,0x00000000eb800000)
 ParOldGen       total 64000K, used 901K [0x00000000c1600000, 0x00000000c5480000, 0x00000000eb200000)
  object space 64000K, 1% used [0x00000000c1600000,0x00000000c16e15d8,0x00000000c5480000)
 Metaspace       used 4930K, capacity 5888K, committed 6016K, reserved 1056768K
  class space    used 514K, capacity 560K, committed 640K, reserved 1048576K
Event: 0.296 GC heap after
Heap after GC invocations=8 (full 0):
 PSYoungGen      total 5120K, used 544K [0x00000000eb200000, 0x00000000eb800000, 0x0000000100000000)
  eden space 4096K, 0% used [0x00000000eb200000,0x00000000eb200000,0x00000000eb600000)
  from space 1024K, 53% used [0x00000000eb700000,0x00000000eb788000,0x00000000eb800000)
  to   space 1024K, 0% used [0x00000000eb600000,0x00000000eb600000,0x00000000eb700000)
 ParOldGen       total 64000K, used 1045K [0x00000000c1600000, 0x00000000c5480000, 0x00000000eb200000)
  object space 64000K, 1% used [0x00000000c1600000,0x00000000c17055d8,0x00000000c5480000)
 Metaspace       used 4930K, capacity 5888K, committed 6016K, reserved 1056768K
  class space    used 514K, capacity 560K, committed 640K, reserved 1048576K
}
Event: 0.369 GC heap before
{Heap before GC invocations=9 (full 0):
 PSYoungGen      total 5120K, used 4640K [0x00000000eb200000, 0x00000000eb800000, 0x0000000100000000)
  eden space 4096K, 100% used [0x00000000eb200000,0x00000000eb600000,0x00000000eb600000)
  from space 1024K, 53% used [0x00000000eb700000,0x00000000eb788000,0x00000000eb800000)
  to   space 1024K, 0% used [0x00000000eb600000,0x00000000eb600000,0x00000000eb700000)
 ParOldGen       total 64000K, used 1045K [0x00000000c1600000, 0x00000000c5480000, 0x00000000eb200000)
  object space 64000K, 1% used [0x00000000c1600000,0x00000000c17055d8,0x00000000c5480000)
 Metaspace       used 5625K, capacity 6304K, committed 6656K, reserved 1056768K
  class space    used 626K, capacity 656K, committed 768K, reserved 1048576K
Event: 0.370 GC heap after
Heap after GC invocations=9 (full 0):
 PSYoungGen      total 5120K, used 608K [0x00000000eb200000, 0x00000000eba80000, 0x0000000100000000)
  eden space 4096K, 0% used [0x00000000eb200000,0x00000000eb200000,0x00000000eb600000)
  from space 1024K, 59% used [0x00000000eb600000,0x00000000eb698000,0x00000000eb700000)
  to   space 1024K, 0% used [0x00000000eb980000,0x00000000eb980000,0x00000000eba80000)
 ParOldGen       total 64000K, used 1165K [0x00000000c1600000, 0x00000000c5480000, 0x00000000eb200000)
  object space 64000K, 1% used [0x00000000c1600000,0x00000000c17235d8,0x00000000c5480000)
 Metaspace       used 5625K, capacity 6304K, committed 6656K, reserved 1056768K
  class space    used 626K, capacity 656K, committed 768K, reserved 1048576K
}
Event: 0.454 GC heap before
{Heap before GC invocations=10 (full 0):
 PSYoungGen      total 5120K, used 4704K [0x00000000eb200000, 0x00000000eba80000, 0x0000000100000000)
  eden space 4096K, 100% used [0x00000000eb200000,0x00000000eb600000,0x00000000eb600000)
  from space 1024K, 59% used [0x00000000eb600000,0x00000000eb698000,0x00000000eb700000)
  to   space 1024K, 0% used [0x00000000eb980000,0x00000000eb980000,0x00000000eba80000)
 ParOldGen       total 64000K, used 1165K [0x00000000c1600000, 0x00000000c5480000, 0x00000000eb200000)
  object space 64000K, 1% used [0x00000000c1600000,0x00000000c17235d8,0x00000000c5480000)
 Metaspace       used 6129K, capacity 6726K, committed 6912K, reserved 1056768K
  class space    used 658K, capacity 689K, committed 768K, reserved 1048576K
Event: 0.455 GC heap after
Heap after GC invocations=10 (full 0):
 PSYoungGen      total 7680K, used 338K [0x00000000eb200000, 0x00000000eba80000, 0x0000000100000000)
  eden space 6656K, 0% used [0x00000000eb200000,0x00000000eb200000,0x00000000eb880000)
  from space 1024K, 33% used [0x00000000eb980000,0x00000000eb9d4a00,0x00000000eba80000)
  to   space 1024K, 0% used [0x00000000eb880000,0x00000000eb880000,0x00000000eb980000)
 ParOldGen       total 64000K, used 1309K [0x00000000c1600000, 0x00000000c5480000, 0x00000000eb200000)
  object space 64000K, 2% used [0x00000000c1600000,0x00000000c17475d8,0x00000000c5480000)
 Metaspace       used 6129K, capacity 6726K, committed 6912K, reserved 1056768K
  class space    used 658K, capacity 689K, committed 768K, reserved 1048576K
}
Event: 1.427 GC heap before
{Heap before GC invocations=11 (full 0):
 PSYoungGen      total 7680K, used 6994K [0x00000000eb200000, 0x00000000eba80000, 0x0000000100000000)
  eden space 6656K, 100% used [0x00000000eb200000,0x00000000eb880000,0x00000000eb880000)
  from space 1024K, 33% used [0x00000000eb980000,0x00000000eb9d4a00,0x00000000eba80000)
  to   space 1024K, 0% used [0x00000000eb880000,0x00000000eb880000,0x00000000eb980000)
 ParOldGen       total 64000K, used 1309K [0x00000000c1600000, 0x00000000c5480000, 0x00000000eb200000)
  object space 64000K, 2% used [0x00000000c1600000,0x00000000c17475d8,0x00000000c5480000)
 Metaspace       used 9625K, capacity 9816K, committed 9856K, reserved 1058816K
  class space    used 1079K, capacity 1149K, committed 1152K, reserved 1048576K
Event: 1.428 GC heap after
Heap after GC invocations=11 (full 0):
 PSYoungGen      total 7680K, used 736K [0x00000000eb200000, 0x00000000ebe80000, 0x0000000100000000)
  eden space 6656K, 0% used [0x00000000eb200000,0x00000000eb200000,0x00000000eb880000)
  from space 1024K, 71% used [0x00000000eb880000,0x00000000eb938000,0x00000000eb980000)
  to   space 1024K, 0% used [0x00000000ebd80000,0x00000000ebd80000,0x00000000ebe80000)
 ParOldGen       total 64000K, used 1453K [0x00000000c1600000, 0x00000000c5480000, 0x00000000eb200000)
  object space 64000K, 2% used [0x00000000c1600000,0x00000000c176b5d8,0x00000000c5480000)
 Metaspace       used 9625K, capacity 9816K, committed 9856K, reserved 1058816K
  class space    used 1079K, capacity 1149K, committed 1152K, reserved 1048576K
}
Event: 1.538 GC heap before
{Heap before GC invocations=12 (full 0):
 PSYoungGen      total 7680K, used 6397K [0x00000000eb200000, 0x00000000ebe80000, 0x0000000100000000)
  eden space 6656K, 85% used [0x00000000eb200000,0x00000000eb787440,0x00000000eb880000)
  from space 1024K, 71% used [0x00000000eb880000,0x00000000eb938000,0x00000000eb980000)
  to   space 1024K, 0% used [0x00000000ebd80000,0x00000000ebd80000,0x00000000ebe80000)
 ParOldGen       total 64000K, used 1453K [0x00000000c1600000, 0x00000000c5480000, 0x00000000eb200000)
  object space 64000K, 2% used [0x00000000c1600000,0x00000000c176b5d8,0x00000000c5480000)
 Metaspace       used 11325K, capacity 11428K, committed 11648K, reserved 1058816K
  class space    used 1298K, capacity 1343K, committed 1408K, reserved 1048576K
Event: 1.541 GC heap after
Heap after GC invocations=12 (full 0):
 PSYoungGen      total 11776K, used 352K [0x00000000eb200000, 0x00000000ebe80000, 0x0000000100000000)
  eden space 10752K, 0% used [0x00000000eb200000,0x00000000eb200000,0x00000000ebc80000)
  from space 1024K, 34% used [0x00000000ebd80000,0x00000000ebdd8000,0x00000000ebe80000)
  to   space 1024K, 0% used [0x00000000ebc80000,0x00000000ebc80000,0x00000000ebd80000)
 ParOldGen       total 64000K, used 9270K [0x00000000c1600000, 0x00000000c5480000, 0x00000000eb200000)
  object space 64000K, 14% used [0x00000000c1600000,0x00000000c1f0d970,0x00000000c5480000)
 Metaspace       used 11325K, capacity 11428K, committed 11648K, reserved 1058816K
  class space    used 1298K, capacity 1343K, committed 1408K, reserved 1048576K
}

Deoptimization events (3 events):
Event: 1.423 Thread 0x0000000001ffa000 Uncommon trap: reason=unreached action=reinterpret pc=0x000000001040f824 method=java.lang.AbstractStringBuilder.append(Ljava/lang/String;)Ljava/lang/AbstractStringBuilder; @ 1
Event: 1.423 Thread 0x0000000001ffa000 Uncommon trap: reason=unreached action=reinterpret pc=0x00000000103d8988 method=java.lang.AbstractStringBuilder.append(Ljava/lang/String;)Ljava/lang/AbstractStringBuilder; @ 1
Event: 1.425 Thread 0x0000000001ffa000 Uncommon trap: reason=unreached action=reinterpret pc=0x0000000010448d9c method=java.util.HashMap.hash(Ljava/lang/Object;)I @ 1

Internal exceptions (10 events):
Event: 1.419 Thread 0x0000000001ffa000 Exception <a 'java/security/PrivilegedActionException'> (0x00000000eb83c4b8) thrown at [D:\re\workspace\8-2-build-windows-amd64-cygwin\jdk8u5\2488\hotspot\src\share\vm\prims\jvm.cpp, line 1248]
Event: 1.419 Thread 0x0000000001ffa000 Exception <a 'java/security/PrivilegedActionException'> (0x00000000eb847738) thrown at [D:\re\workspace\8-2-build-windows-amd64-cygwin\jdk8u5\2488\hotspot\src\share\vm\prims\jvm.cpp, line 1248]
Event: 1.419 Thread 0x0000000001ffa000 Exception <a 'java/security/PrivilegedActionException'> (0x00000000eb852040) thrown at [D:\re\workspace\8-2-build-windows-amd64-cygwin\jdk8u5\2488\hotspot\src\share\vm\prims\jvm.cpp, line 1248]
Event: 1.423 Thread 0x0000000001ffa000 Implicit null exception at 0x000000001040f4c4 to 0x000000001040f80d
Event: 1.423 Thread 0x0000000001ffa000 Implicit null exception at 0x00000000103d8646 to 0x00000000103d8971
Event: 1.425 Thread 0x0000000001ffa000 Implicit null exception at 0x0000000010448bc5 to 0x0000000010448d8d
Event: 1.427 Thread 0x0000000001ffa000 Exception <a 'java/security/PrivilegedActionException'> (0x00000000eb87d7d0) thrown at [D:\re\workspace\8-2-build-windows-amd64-cygwin\jdk8u5\2488\hotspot\src\share\vm\prims\jvm.cpp, line 1248]
Event: 1.429 Thread 0x0000000001ffa000 Exception <a 'java/security/PrivilegedActionException'> (0x00000000eb203788) thrown at [D:\re\workspace\8-2-build-windows-amd64-cygwin\jdk8u5\2488\hotspot\src\share\vm\prims\jvm.cpp, line 1248]
Event: 1.432 Thread 0x0000000001ffa000 Exception <a 'java/security/PrivilegedActionException'> (0x00000000eb21a128) thrown at [D:\re\workspace\8-2-build-windows-amd64-cygwin\jdk8u5\2488\hotspot\src\share\vm\prims\jvm.cpp, line 1248]
Event: 1.498 Thread 0x0000000001ffa000 Exception <a 'java/security/PrivilegedActionException'> (0x00000000eb235d00) thrown at [D:\re\workspace\8-2-build-windows-amd64-cygwin\jdk8u5\2488\hotspot\src\share\vm\prims\jvm.cpp, line 1248]

Events (10 events):
Event: 1.610 loading class sun/awt/image/ByteInterleavedRaster
Event: 1.611 loading class sun/awt/image/ByteComponentRaster
Event: 1.611 loading class sun/awt/image/ByteComponentRaster done
Event: 1.611 loading class sun/awt/image/ByteInterleavedRaster done
Event: 1.636 loading class sun/awt/image/BufImgSurfaceManager
Event: 1.637 loading class sun/awt/image/BufImgSurfaceManager done
Event: 1.637 loading class java/awt/color/ICC_ProfileGray
Event: 1.638 loading class java/awt/color/ICC_ProfileGray done
Event: 1.638 loading class sun/java2d/cmm/CMSManager
Event: 1.638 loading class sun/java2d/cmm/CMSManager done


Dynamic libraries:
0x000000013f8a0000 - 0x000000013f8d4000 	C:\Program Files\Java\jdk1.8.0_05\bin\java.exe
0x0000000077530000 - 0x00000000776da000 	C:\Windows\SYSTEM32\ntdll.dll
0x0000000077010000 - 0x000000007712f000 	C:\Windows\system32\kernel32.dll
0x000007fefe7c0000 - 0x000007fefe82a000 	C:\Windows\system32\KERNELBASE.dll
0x000007feff190000 - 0x000007feff26b000 	C:\Windows\system32\ADVAPI32.dll
0x000007fefeb50000 - 0x000007fefebef000 	C:\Windows\system32\msvcrt.dll
0x000007feff570000 - 0x000007feff58f000 	C:\Windows\SYSTEM32\sechost.dll
0x000007fefed40000 - 0x000007fefee6d000 	C:\Windows\system32\RPCRT4.dll
0x0000000077130000 - 0x000000007722a000 	C:\Windows\system32\USER32.dll
0x000007fefe8c0000 - 0x000007fefe927000 	C:\Windows\system32\GDI32.dll
0x000007feff660000 - 0x000007feff66e000 	C:\Windows\system32\LPK.dll
0x000007fefebf0000 - 0x000007fefecba000 	C:\Windows\system32\USP10.dll
0x000007fefb500000 - 0x000007fefb6f4000 	C:\Windows\WinSxS\amd64_microsoft.windows.common-controls_6595b64144ccf1df_6.0.7601.18837_none_fa3b1e3d17594757\COMCTL32.dll
0x000007fefe830000 - 0x000007fefe8a1000 	C:\Windows\system32\SHLWAPI.dll
0x000007feff630000 - 0x000007feff65e000 	C:\Windows\system32\IMM32.DLL
0x000007fefe9d0000 - 0x000007fefead9000 	C:\Windows\system32\MSCTF.dll
0x0000000010100000 - 0x00000000101af000 	C:\Windows\system32\csauser64.dll
0x000000000f000000 - 0x000000000f006000 	C:\Windows\system32\csadetoured.dll
0x000000006e2d0000 - 0x000000006e3a2000 	C:\Program Files\Java\jdk1.8.0_05\jre\bin\msvcr100.dll
0x0000000067110000 - 0x000000006793a000 	C:\Program Files\Java\jdk1.8.0_05\jre\bin\server\jvm.dll
0x000007fefa060000 - 0x000007fefa069000 	C:\Windows\system32\WSOCK32.dll
0x000007feff590000 - 0x000007feff5dd000 	C:\Windows\system32\WS2_32.dll
0x000007feff670000 - 0x000007feff678000 	C:\Windows\system32\NSI.dll
0x000007fefbe60000 - 0x000007fefbe9b000 	C:\Windows\system32\WINMM.dll
0x0000000077510000 - 0x0000000077517000 	C:\Windows\system32\PSAPI.DLL
0x00000000734a0000 - 0x00000000734af000 	C:\Program Files\Java\jdk1.8.0_05\jre\bin\verify.dll
0x0000000070680000 - 0x00000000706a8000 	C:\Program Files\Java\jdk1.8.0_05\jre\bin\java.dll
0x0000000070d20000 - 0x0000000070d36000 	C:\Program Files\Java\jdk1.8.0_05\jre\bin\zip.dll
0x000007fefc7b0000 - 0x000007fefd539000 	C:\Windows\system32\SHELL32.dll
0x000007fefee70000 - 0x000007feff06c000 	C:\Windows\system32\ole32.dll
0x000007feff4b0000 - 0x000007feff4bf000 	C:\Windows\system32\profapi.dll
0x000007feeed20000 - 0x000007feeee0f000 	C:\Users\shipulin.mihail\.javacpp\cache\opencv-windows-x86_64.jar\org\bytedeco\javacpp\windows-x86_64\msvcr120.dll
0x000007feefc60000 - 0x000007feefd06000 	C:\Users\shipulin.mihail\.javacpp\cache\opencv-windows-x86_64.jar\org\bytedeco\javacpp\windows-x86_64\msvcp120.dll
0x000007feea040000 - 0x000007feea2c8000 	C:\Users\shipulin.mihail\.javacpp\cache\opencv-windows-x86_64.jar\org\bytedeco\javacpp\windows-x86_64\opencv_core320.dll
0x000007fee8f70000 - 0x000007fee92d2000 	C:\Users\shipulin.mihail\.javacpp\cache\opencv-windows-x86_64.jar\org\bytedeco\javacpp\windows-x86_64\opencv_imgproc320.dll
0x000007fee8d20000 - 0x000007fee8f6a000 	C:\Users\shipulin.mihail\.javacpp\cache\opencv-windows-x86_64.jar\org\bytedeco\javacpp\windows-x86_64\jniopencv_core.dll
0x0000000070d00000 - 0x0000000070d1a000 	C:\Program Files\Java\jdk1.8.0_05\jre\bin\net.dll
0x000007fefd550000 - 0x000007fefd5a5000 	C:\Windows\system32\mswsock.dll
0x000007fefe600000 - 0x000007fefe607000 	C:\Windows\System32\wship6.dll
0x0000000070b70000 - 0x0000000070b81000 	C:\Program Files\Java\jdk1.8.0_05\jre\bin\nio.dll
0x000007feecec0000 - 0x000007feecfb0000 	C:\Users\shipulin.mihail\.javacpp\cache\opencv-windows-x86_64.jar\org\bytedeco\javacpp\windows-x86_64\jniopencv_imgproc.dll
0x000007fee8a50000 - 0x000007fee8d1a000 	C:\Users\shipulin.mihail\.javacpp\cache\opencv-windows-x86_64.jar\org\bytedeco\javacpp\windows-x86_64\opencv_imgcodecs320.dll
0x000007fef19c0000 - 0x000007fef19e5000 	C:\Users\shipulin.mihail\.javacpp\cache\opencv-windows-x86_64.jar\org\bytedeco\javacpp\windows-x86_64\jniopencv_imgcodecs.dll
0x000007fef1300000 - 0x000007fef134e000 	C:\Users\shipulin.mihail\.javacpp\cache\opencv-windows-x86_64.jar\org\bytedeco\javacpp\windows-x86_64\opencv_videoio320.dll
0x000007feff0b0000 - 0x000007feff18a000 	C:\Windows\system32\OLEAUT32.dll
0x000007fef1990000 - 0x000007fef19b9000 	C:\Windows\system32\MSVFW32.dll
0x000007fef3ad0000 - 0x000007fef3aef000 	C:\Windows\system32\AVIFIL32.dll
0x000007fefb390000 - 0x000007fefb3a8000 	C:\Windows\system32\MSACM32.dll
0x000007fef1e50000 - 0x000007fef1e67000 	C:\Windows\system32\AVICAP32.dll
0x000007fefd9e0000 - 0x000007fefd9ec000 	C:\Windows\system32\VERSION.dll
0x000007fef16d0000 - 0x000007fef16e7000 	C:\Users\shipulin.mihail\.javacpp\cache\opencv-windows-x86_64.jar\org\bytedeco\javacpp\windows-x86_64\jniopencv_videoio.dll
0x000007fefeb10000 - 0x000007fefeb1f000 	C:\Windows\system32\CRYPTBASE.dll
0x000007fefe930000 - 0x000007fefe9c9000 	C:\Windows\system32\CLBCatQ.DLL
0x000007fef0b10000 - 0x000007fef0b26000 	C:\Windows\system32\devenum.dll
0x000007fefe0f0000 - 0x000007fefe2c7000 	C:\Windows\system32\setupapi.dll
0x000007feff070000 - 0x000007feff0a6000 	C:\Windows\system32\CFGMGR32.dll
0x000007feff550000 - 0x000007feff56a000 	C:\Windows\system32\DEVOBJ.dll
0x000007fefc1e0000 - 0x000007fefc20d000 	C:\Windows\system32\ntmarta.dll
0x000007feff4d0000 - 0x000007feff522000 	C:\Windows\system32\WLDAP32.dll
0x0000000001d70000 - 0x0000000001dab000 	C:\Windows\system32\WINTRUST.dll
0x000007fefda50000 - 0x000007fefdbbd000 	C:\Windows\system32\CRYPT32.dll
0x000007feff4a0000 - 0x000007feff4af000 	C:\Windows\system32\MSASN1.dll
0x000007fefa8e0000 - 0x000007fefa8ed000 	C:\Windows\system32\msdmo.dll
0x000007fef0ae0000 - 0x000007fef0b0f000 	C:\Windows\system32\qcap.dll
0x000007feea800000 - 0x000007feea9b4000 	C:\Windows\system32\quartz.dll
0x000007feeffe0000 - 0x000007fef0021000 	C:\Windows\system32\ksproxy.ax
0x0000000076990000 - 0x0000000076996000 	C:\Windows\system32\ksuser.dll
0x000007feefd10000 - 0x000007feeff0f000 	C:\Windows\system32\d3d9.dll
0x000007fefa900000 - 0x000007fefa907000 	C:\Windows\system32\d3d8thk.dll
0x000007fefc190000 - 0x000007fefc1a8000 	C:\Windows\system32\dwmapi.dll
0x000007fefa7f0000 - 0x000007fefa7fb000 	C:\Windows\system32\vidcap.ax
0x000007fef00e0000 - 0x000007fef0104000 	C:\Windows\system32\kswdmcap.ax
0x000007fee88f0000 - 0x000007fee8a4c000 	C:\Windows\system32\MFC42.dll
0x000007fef6a40000 - 0x000007fef6af1000 	C:\Windows\system32\ODBC32.dll
0x0000000073f80000 - 0x0000000073fb8000 	C:\Windows\system32\odbcint.dll
0x000007feec3c0000 - 0x000007feec45b000 	C:\Windows\System32\qedit.dll
0x000007feff270000 - 0x000007feff307000 	C:\Windows\system32\COMDLG32.dll
0x000007fefb0c0000 - 0x000007fefb2d6000 	C:\Windows\WinSxS\amd64_microsoft.windows.gdiplus_6595b64144ccf1df_1.1.7601.23721_none_1457f4f68b936a93\gdiplus.dll
0x000007feec950000 - 0x000007feeca41000 	C:\Windows\system32\DDRAW.dll
0x000007fefa640000 - 0x000007fefa648000 	C:\Windows\system32\DCIMAN32.dll
0x000007fef55b0000 - 0x000007fef55bb000 	C:\Windows\system32\msyuv.dll
0x000000006d090000 - 0x000000006d226000 	C:\Program Files\Java\jdk1.8.0_05\jre\bin\awt.dll
0x00000000705a0000 - 0x00000000705e7000 	C:\Program Files\Java\jdk1.8.0_05\jre\bin\fontmanager.dll
0x000007fef72f0000 - 0x000007fef7415000 	C:\Windows\system32\dbghelp.dll

VM Arguments:
jvm_args: -Dfile.encoding=UTF-8 
java_command: FaceRecognizerInVideo
java_class_path (initial): C:\Users\shipulin.mihail\Desktop\javacv-bin\artoolkitplus-android-arm.jar;C:\Users\shipulin.mihail\Desktop\javacv-bin\artoolkitplus-android-x86.jar;C:\Users\shipulin.mihail\Desktop\javacv-bin\artoolkitplus-linux-armhf.jar;C:\Users\shipulin.mihail\Desktop\javacv-bin\artoolkitplus-linux-ppc64le.jar;C:\Users\shipulin.mihail\Desktop\javacv-bin\artoolkitplus-linux-x86.jar;C:\Users\shipulin.mihail\Desktop\javacv-bin\artoolkitplus-linux-x86_64.jar;C:\Users\shipulin.mihail\Desktop\javacv-bin\artoolkitplus-macosx-x86_64.jar;C:\Users\shipulin.mihail\Desktop\javacv-bin\artoolkitplus-platform.jar;C:\Users\shipulin.mihail\Desktop\javacv-bin\artoolkitplus-windows-x86.jar;C:\Users\shipulin.mihail\Desktop\javacv-bin\artoolkitplus-windows-x86_64.jar;C:\Users\shipulin.mihail\Desktop\javacv-bin\artoolkitplus.jar;C:\Users\shipulin.mihail\Desktop\javacv-bin\ffmpeg-android-arm.jar;C:\Users\shipulin.mihail\Desktop\javacv-bin\ffmpeg-android-x86.jar;C:\Users\shipulin.mihail\Desktop\javacv-bin\ffmpeg-linux-armhf.jar;C:\Users\shipulin.mihail\Desktop\javacv-bin\ffmpeg-linux-ppc64le.jar;C:\Users\shipulin.mihail\Desktop\javacv-bin\ffmpeg-linux-x86.jar;C:\Users\shipulin.mihail\Desktop\javacv-bin\ffmpeg-linux-x86_64.jar;C:\Users\shipulin.mihail\Desktop\javacv-bin\ffmpeg-macosx-x86_64.jar;C:\Users\shipulin.mihail\Desktop\javacv-bin\ffmpeg-platform.jar;C:\Users\shipulin.mihail\Desktop\javacv-bin\ffmpeg-windows-x86.jar;C:\Users\shipulin.mihail\Desktop\javacv-bin\ffmpeg-windows-x86_64.jar;C:\Users\shipulin.mihail\Desktop\javacv-bin\ffmpeg.jar;C:\Users\shipulin.mihail\Desktop\javacv-bin\flandmark-android-arm.jar;C:\Users\shipulin.mihail\Desktop\javacv-bin\flandmark-android-x86.jar;C:\Users\shipulin.mihail\Desktop\javacv-bin\flandmark-linux-armhf.jar;C:\Users\shipulin.mihail\Desktop\javacv-bin\flandmark-linux-ppc64le.jar;C:\Users\shipulin.mihail\Desktop\javacv-bin\flandmark-linux-x86.jar;C:\Users\shipulin.mihail\Desktop\javacv-bin\flandmark-linux-x86_64.jar;C:\Users\shipulin
Launcher Type: SUN_STANDARD

Environment Variables:
JAVA_HOME=C:\Program Files (x86)\Java\jdk1.8.0_101
PATH=C:\Program Files (x86)\Embarcadero\Studio\18.0\bin;C:\Users\Public\Documents\Embarcadero\Studio\18.0\Bpl;C:\Program Files (x86)\Embarcadero\Studio\18.0\bin64;C:\Users\Public\Documents\Embarcadero\Studio\18.0\Bpl\Win64;C:\ProgramData\Oracle\Java\javapath;C:\Program Files (x86)\Borland\Delphi7\Bin;C:\Program Files (x86)\Borland\Delphi7\Projects\Bpl\;C:\Inprise\vbroker\bin;D:\Program Files\oracle;D:\Distr\DBMS\instantclient-basic-nt-12.1.0.1.0\instantclient_12_1;C:\jet11.3-eval-x86\bin
USERNAME=shipulin.mihail
LD_LIBRARY_PATH=C:\Program Files\Oracle\Client32
OS=Windows_NT
PROCESSOR_IDENTIFIER=Intel64 Family 6 Model 42 Stepping 7, GenuineIntel



---------------  S Y S T E M  ---------------

OS: Windows 7 , 64 bit Build 7601 Service Pack 1

CPU:total 4 (4 cores per cpu, 1 threads per core) family 6 model 42 stepping 7, cmov, cx8, fxsr, mmx, sse, sse2, sse3, ssse3, sse4.1, sse4.2, popcnt, avx, aes, clmul, tsc, tscinvbit

Memory: 4k page, physical 4103396k(1042492k free), swap 8204932k(3640452k free)

vm_info: Java HotSpot(TM) 64-Bit Server VM (25.5-b02) for windows-amd64 JRE (1.8.0_05-b13), built on Mar 18 2014 01:08:39 by "java_re" with MS VC++ 10.0 (VS2010)

time: Thu Jun 08 19:39:21 2017
elapsed time: 1 seconds

