#
# A fatal error has been detected by the Java Runtime Environment:
#
#  EXCEPTION_UNCAUGHT_CXX_EXCEPTION (0xe06d7363) at pc=0x000007fefe7da06d, pid=5396, tid=3448
#
# JRE version: Java(TM) SE Runtime Environment (8.0_05-b13) (build 1.8.0_05-b13)
# Java VM: Java HotSpot(TM) 64-Bit Server VM (25.5-b02 mixed mode windows-amd64 compressed oops)
# Problematic frame:
# C  [KERNELBASE.dll+0x1a06d]
#
# Failed to write core dump. Minidumps are not enabled by default on client versions of Windows
#
# If you would like to submit a bug report, please visit:
#   http://bugreport.sun.com/bugreport/crash.jsp
# The crash happened outside the Java Virtual Machine in native code.
# See problematic frame for where to report the bug.
#

---------------  T H R E A D  ---------------

Current thread (0x0000000001eca000):  JavaThread "main" [_thread_in_native, id=3448, stack(0x0000000002830000,0x0000000002930000)]

siginfo: ExceptionCode=0xe06d7363, ExceptionInformation=0x0000000019930520 0x000000000291e150 0x000007fee98bcd78 0x000007fee9670000 

Registers:
RAX=0x0000000051bf9f44, RBX=0x000007fee98bcd78, RCX=0x000000000291d9c0, RDX=0x00000000000000d0
RSP=0x000000000291dfd0, RBP=0x000000000291e100, RSI=0x000007fee87a0f90, RDI=0x000000000291e150
R8 =0x0000000000000000, R9 =0x0000000000000000, R10=0x000007fee9670000, R11=0x000000000291e010
R12=0x00000000ffffff29, R13=0x0000000000000000, R14=0x000007fee87a0b80, R15=0x000000000292e448
RIP=0x000007fefe7da06d, EFLAGS=0x0000000000000206

Top of Stack: (sp=0x000000000291dfd0)
0x000000000291dfd0:   000007fee98bcd78 000007fee87a0f90
0x000000000291dfe0:   000000000291e150 000007feecf2a1ae
0x000000000291dff0:   00000001e06d7363 0000000000000000
0x000000000291e000:   000007fefe7da06d 000007fe00000004
0x000000000291e010:   0000000019930520 000000000291e150
0x000000000291e020:   000007fee98bcd78 000007fee9670000
0x000000000291e030:   0000000000000002 000000000291e0b8
0x000000000291e040:   0000000000000000 0000000000000002
0x000000000291e050:   00000000003bb8c0 000007fee87a0b80
0x000000000291e060:   000000000291e150 000007feecf1d306
0x000000000291e070:   000007fee87a0b80 0000000000000000
0x000000000291e080:   00000000ffffff29 000000000291e150
0x000000000291e090:   000007fee87a0f90 000007feecf1ef63
0x000000000291e0a0:   000007fee98bcd78 000000000291e110
0x000000000291e0b0:   000007fe00000001 000007fee9670100
0x000000000291e0c0:   00000001e06d7363 0000000000000000 

Instructions: (pc=0x000007fefe7da06d)
0x000007fefe7da04d:   54 24 24 48 89 4c 24 28 4d 85 c9 0f 85 6a 03 00
0x000007fefe7da05d:   00 89 4c 24 38 48 8d 4c 24 20 ff 15 33 02 03 00
0x000007fefe7da06d:   48 81 c4 c8 00 00 00 c3 90 90 90 90 90 90 90 90
0x000007fefe7da07d:   90 90 90 48 83 ec 28 65 48 8b 04 25 30 00 00 00 


Register to memory mapping:

RAX=0x0000000051bf9f44 is an unknown value
RBX=0x000007fee98bcd78 is an unknown value
RCX=0x000000000291d9c0 is pointing into the stack for thread: 0x0000000001eca000
RDX=0x00000000000000d0 is an unknown value
RSP=0x000000000291dfd0 is pointing into the stack for thread: 0x0000000001eca000
RBP=0x000000000291e100 is pointing into the stack for thread: 0x0000000001eca000
RSI=0x000007fee87a0f90 is an unknown value
RDI=0x000000000291e150 is pointing into the stack for thread: 0x0000000001eca000
R8 =0x0000000000000000 is an unknown value
R9 =0x0000000000000000 is an unknown value
R10=0x000007fee9670000 is an unknown value
R11=0x000000000291e010 is pointing into the stack for thread: 0x0000000001eca000
R12=0x00000000ffffff29 is an unallocated location in the heap
R13=0x0000000000000000 is an unknown value
R14=0x000007fee87a0b80 is an unknown value
R15=0x000000000292e448 is pointing into the stack for thread: 0x0000000001eca000


Stack: [0x0000000002830000,0x0000000002930000],  sp=0x000000000291dfd0,  free space=951k
Native frames: (J=compiled Java code, j=interpreted, Vv=VM code, C=native code)
C  [KERNELBASE.dll+0x1a06d]
C  [msvcr120.dll+0x5ef63]
C  [opencv_core320.dll+0x1a2c34]
C  [opencv_core320.dll+0x1a2d76]
C  [opencv_imgproc320.dll+0x3faf2]
C  [opencv_imgproc320.dll+0x46c15]
C  [jniopencv_imgproc.dll+0x6e52d]
C  0x00000000101c518e

Java frames: (J=compiled Java code, j=interpreted, Vv=VM code)
j  org.bytedeco.javacpp.opencv_imgproc.cvCvtColor(Lorg/bytedeco/javacpp/helper/opencv_core$CvArr;Lorg/bytedeco/javacpp/helper/opencv_core$CvArr;I)V+0
j  opencv.recognition.face.MotionDetection.main([Ljava/lang/String;)V+149
v  ~StubRoutines::call_stub

---------------  P R O C E S S  ---------------

Java Threads: ( => current thread )
  0x0000000008847800 JavaThread "AWT-EventQueue-0" [_thread_blocked, id=6324, stack(0x000000000f070000,0x000000000f170000)]
  0x000000000882d800 JavaThread "AWT-Windows" daemon [_thread_in_native, id=7908, stack(0x000000000ec70000,0x000000000ed70000)]
  0x0000000008bfa000 JavaThread "AWT-Shutdown" [_thread_blocked, id=3828, stack(0x000000000eb00000,0x000000000ec00000)]
  0x0000000008bf9000 JavaThread "Java2D Disposer" daemon [_thread_blocked, id=5560, stack(0x000000000e9f0000,0x000000000eaf0000)]
  0x0000000007a43800 JavaThread "JavaCPP Deallocator" daemon [_thread_blocked, id=6016, stack(0x0000000008490000,0x0000000008590000)]
  0x000000000777e800 JavaThread "Service Thread" daemon [_thread_blocked, id=5412, stack(0x00000000081c0000,0x00000000082c0000)]
  0x00000000062ae000 JavaThread "C1 CompilerThread2" daemon [_thread_blocked, id=1320, stack(0x0000000007fc0000,0x00000000080c0000)]
  0x00000000062a9000 JavaThread "C2 CompilerThread1" daemon [_thread_blocked, id=2700, stack(0x0000000007e00000,0x0000000007f00000)]
  0x000000000770b000 JavaThread "C2 CompilerThread0" daemon [_thread_blocked, id=648, stack(0x0000000007b60000,0x0000000007c60000)]
  0x0000000007708000 JavaThread "Attach Listener" daemon [_thread_blocked, id=7144, stack(0x0000000007ce0000,0x0000000007de0000)]
  0x0000000007705000 JavaThread "Signal Dispatcher" daemon [_thread_blocked, id=4320, stack(0x0000000007330000,0x0000000007430000)]
  0x000000000624a800 JavaThread "Finalizer" daemon [_thread_blocked, id=7392, stack(0x0000000007600000,0x0000000007700000)]
  0x000000000623f800 JavaThread "Reference Handler" daemon [_thread_blocked, id=3732, stack(0x00000000074b0000,0x00000000075b0000)]
=>0x0000000001eca000 JavaThread "main" [_thread_in_native, id=3448, stack(0x0000000002830000,0x0000000002930000)]

Other Threads:
  0x0000000006238000 VMThread [stack: 0x0000000007210000,0x0000000007310000] [id=6520]
  0x0000000007791800 WatcherThread [stack: 0x00000000080c0000,0x00000000081c0000] [id=5156]

VM state:not at safepoint (normal execution)

VM Mutex/Monitor currently owned by a thread: None

Heap:
 PSYoungGen      total 9728K, used 7627K [0x00000000eb200000, 0x00000000ec200000, 0x0000000100000000)
  eden space 8192K, 79% used [0x00000000eb200000,0x00000000eb862e80,0x00000000eba00000)
  from space 1536K, 70% used [0x00000000eba00000,0x00000000ebb10000,0x00000000ebb80000)
  to   space 1536K, 0% used [0x00000000ec080000,0x00000000ec080000,0x00000000ec200000)
 ParOldGen       total 64000K, used 6577K [0x00000000c1600000, 0x00000000c5480000, 0x00000000eb200000)
  object space 64000K, 10% used [0x00000000c1600000,0x00000000c1c6c790,0x00000000c5480000)
 Metaspace       used 11314K, capacity 11492K, committed 11648K, reserved 1058816K
  class space    used 1294K, capacity 1343K, committed 1408K, reserved 1048576K

Card table byte_map: [0x0000000002dc0000,0x0000000002fc0000] byte_map_base: 0x00000000027b5000

Marking Bits: (ParMarkBitMap*) 0x000000006b5413b0
 Begin Bits: [0x0000000003760000, 0x0000000004708000)
 End Bits:   [0x0000000004708000, 0x00000000056b0000)

Polling page: 0x0000000000140000

CodeCache: size=245760Kb used=3164Kb max_used=3164Kb free=242595Kb
 bounds [0x00000000101b0000, 0x00000000104d0000, 0x000000001f1b0000]
 total_blobs=1314 nmethods=766 adapters=462
 compilation: enabled

Compilation events (10 events):
Event: 2.472 Thread 0x00000000062a9000  762       4       java.util.ArrayList$Itr::hasNext (20 bytes)
Event: 2.472 Thread 0x00000000062a9000 nmethod 762 0x00000000104c2810 code [0x00000000104c2940, 0x00000000104c29b8]
Event: 2.477 Thread 0x000000000770b000  763       4       java.io.File::isInvalid (47 bytes)
Event: 2.477 Thread 0x00000000062ae000  764       3       java.io.File::getCanonicalPath (31 bytes)
Event: 2.477 Thread 0x00000000062ae000 nmethod 764 0x00000000104b4ed0 code [0x00000000104b5060, 0x00000000104b53b8]
Event: 2.477 Thread 0x00000000062ae000  765       3       java.io.WinNTFileSystem::canonicalize (372 bytes)
Event: 2.479 Thread 0x000000000770b000 nmethod 763 0x00000000104b4a10 code [0x00000000104b4b60, 0x00000000104b4cf8]
Event: 2.480 Thread 0x00000000062ae000 nmethod 765 0x00000000104c5a90 code [0x00000000104c60e0, 0x00000000104ca178]
Event: 2.480 Thread 0x00000000062ae000  766       3       java.util.HashSet::add (20 bytes)
Event: 2.481 Thread 0x00000000062ae000 nmethod 766 0x00000000104b7010 code [0x00000000104b7180, 0x00000000104b7408]

GC Heap History (10 events):
Event: 0.255 GC heap before
{Heap before GC invocations=5 (full 0):
 PSYoungGen      total 2560K, used 2516K [0x00000000eb200000, 0x00000000eb500000, 0x0000000100000000)
  eden space 2048K, 98% used [0x00000000eb200000,0x00000000eb3f93d0,0x00000000eb400000)
  from space 512K, 96% used [0x00000000eb480000,0x00000000eb4fc010,0x00000000eb500000)
  to   space 512K, 0% used [0x00000000eb400000,0x00000000eb400000,0x00000000eb480000)
 ParOldGen       total 64000K, used 551K [0x00000000c1600000, 0x00000000c5480000, 0x00000000eb200000)
  object space 64000K, 0% used [0x00000000c1600000,0x00000000c1689e88,0x00000000c5480000)
 Metaspace       used 3978K, capacity 5056K, committed 5120K, reserved 1056768K
  class space    used 452K, capacity 496K, committed 512K, reserved 1048576K
Event: 0.257 GC heap after
Heap after GC invocations=5 (full 0):
 PSYoungGen      total 2560K, used 511K [0x00000000eb200000, 0x00000000eb900000, 0x0000000100000000)
  eden space 2048K, 0% used [0x00000000eb200000,0x00000000eb200000,0x00000000eb400000)
  from space 512K, 99% used [0x00000000eb400000,0x00000000eb47fc10,0x00000000eb480000)
  to   space 1536K, 0% used [0x00000000eb780000,0x00000000eb780000,0x00000000eb900000)
 ParOldGen       total 64000K, used 921K [0x00000000c1600000, 0x00000000c5480000, 0x00000000eb200000)
  object space 64000K, 1% used [0x00000000c1600000,0x00000000c16e6780,0x00000000c5480000)
 Metaspace       used 3978K, capacity 5056K, committed 5120K, reserved 1056768K
  class space    used 452K, capacity 496K, committed 512K, reserved 1048576K
}
Event: 0.309 GC heap before
{Heap before GC invocations=6 (full 0):
 PSYoungGen      total 2560K, used 2559K [0x00000000eb200000, 0x00000000eb900000, 0x0000000100000000)
  eden space 2048K, 100% used [0x00000000eb200000,0x00000000eb400000,0x00000000eb400000)
  from space 512K, 99% used [0x00000000eb400000,0x00000000eb47fc10,0x00000000eb480000)
  to   space 1536K, 0% used [0x00000000eb780000,0x00000000eb780000,0x00000000eb900000)
 ParOldGen       total 64000K, used 921K [0x00000000c1600000, 0x00000000c5480000, 0x00000000eb200000)
  object space 64000K, 1% used [0x00000000c1600000,0x00000000c16e6780,0x00000000c5480000)
 Metaspace       used 4679K, capacity 5664K, committed 6016K, reserved 1056768K
  class space    used 484K, capacity 528K, committed 640K, reserved 1048576K
Event: 0.321 GC heap after
Heap after GC invocations=6 (full 0):
 PSYoungGen      total 5120K, used 704K [0x00000000eb200000, 0x00000000eb880000, 0x0000000100000000)
  eden space 4096K, 0% used [0x00000000eb200000,0x00000000eb200000,0x00000000eb600000)
  from space 1024K, 68% used [0x00000000eb780000,0x00000000eb830000,0x00000000eb880000)
  to   space 1024K, 0% used [0x00000000eb680000,0x00000000eb680000,0x00000000eb780000)
 ParOldGen       total 64000K, used 921K [0x00000000c1600000, 0x00000000c5480000, 0x00000000eb200000)
  object space 64000K, 1% used [0x00000000c1600000,0x00000000c16e6780,0x00000000c5480000)
 Metaspace       used 4679K, capacity 5664K, committed 6016K, reserved 1056768K
  class space    used 484K, capacity 528K, committed 640K, reserved 1048576K
}
Event: 0.394 GC heap before
{Heap before GC invocations=7 (full 0):
 PSYoungGen      total 5120K, used 4800K [0x00000000eb200000, 0x00000000eb880000, 0x0000000100000000)
  eden space 4096K, 100% used [0x00000000eb200000,0x00000000eb600000,0x00000000eb600000)
  from space 1024K, 68% used [0x00000000eb780000,0x00000000eb830000,0x00000000eb880000)
  to   space 1024K, 0% used [0x00000000eb680000,0x00000000eb680000,0x00000000eb780000)
 ParOldGen       total 64000K, used 921K [0x00000000c1600000, 0x00000000c5480000, 0x00000000eb200000)
  object space 64000K, 1% used [0x00000000c1600000,0x00000000c16e6780,0x00000000c5480000)
 Metaspace       used 5382K, capacity 6272K, committed 6528K, reserved 1056768K
  class space    used 593K, capacity 624K, committed 640K, reserved 1048576K
Event: 0.395 GC heap after
Heap after GC invocations=7 (full 0):
 PSYoungGen      total 5632K, used 832K [0x00000000eb200000, 0x00000000ebd00000, 0x0000000100000000)
  eden space 4608K, 0% used [0x00000000eb200000,0x00000000eb200000,0x00000000eb680000)
  from space 1024K, 81% used [0x00000000eb680000,0x00000000eb750000,0x00000000eb780000)
  to   space 1536K, 0% used [0x00000000ebb80000,0x00000000ebb80000,0x00000000ebd00000)
 ParOldGen       total 64000K, used 1129K [0x00000000c1600000, 0x00000000c5480000, 0x00000000eb200000)
  object space 64000K, 1% used [0x00000000c1600000,0x00000000c171a780,0x00000000c5480000)
 Metaspace       used 5382K, capacity 6272K, committed 6528K, reserved 1056768K
  class space    used 593K, capacity 624K, committed 640K, reserved 1048576K
}
Event: 0.500 GC heap before
{Heap before GC invocations=8 (full 0):
 PSYoungGen      total 5632K, used 5440K [0x00000000eb200000, 0x00000000ebd00000, 0x0000000100000000)
  eden space 4608K, 100% used [0x00000000eb200000,0x00000000eb680000,0x00000000eb680000)
  from space 1024K, 81% used [0x00000000eb680000,0x00000000eb750000,0x00000000eb780000)
  to   space 1536K, 0% used [0x00000000ebb80000,0x00000000ebb80000,0x00000000ebd00000)
 ParOldGen       total 64000K, used 1129K [0x00000000c1600000, 0x00000000c5480000, 0x00000000eb200000)
  object space 64000K, 1% used [0x00000000c1600000,0x00000000c171a780,0x00000000c5480000)
 Metaspace       used 6165K, capacity 6726K, committed 6912K, reserved 1056768K
  class space    used 658K, capacity 689K, committed 768K, reserved 1048576K
Event: 0.509 GC heap after
Heap after GC invocations=8 (full 0):
 PSYoungGen      total 9728K, used 498K [0x00000000eb200000, 0x00000000ebe00000, 0x0000000100000000)
  eden space 8192K, 0% used [0x00000000eb200000,0x00000000eb200000,0x00000000eba00000)
  from space 1536K, 32% used [0x00000000ebb80000,0x00000000ebbfca00,0x00000000ebd00000)
  to   space 1536K, 0% used [0x00000000eba00000,0x00000000eba00000,0x00000000ebb80000)
 ParOldGen       total 64000K, used 1313K [0x00000000c1600000, 0x00000000c5480000, 0x00000000eb200000)
  object space 64000K, 2% used [0x00000000c1600000,0x00000000c1748780,0x00000000c5480000)
 Metaspace       used 6165K, capacity 6726K, committed 6912K, reserved 1056768K
  class space    used 658K, capacity 689K, committed 768K, reserved 1048576K
}
Event: 2.431 GC heap before
{Heap before GC invocations=9 (full 0):
 PSYoungGen      total 9728K, used 8690K [0x00000000eb200000, 0x00000000ebe00000, 0x0000000100000000)
  eden space 8192K, 100% used [0x00000000eb200000,0x00000000eba00000,0x00000000eba00000)
  from space 1536K, 32% used [0x00000000ebb80000,0x00000000ebbfca00,0x00000000ebd00000)
  to   space 1536K, 0% used [0x00000000eba00000,0x00000000eba00000,0x00000000ebb80000)
 ParOldGen       total 64000K, used 1313K [0x00000000c1600000, 0x00000000c5480000, 0x00000000eb200000)
  object space 64000K, 2% used [0x00000000c1600000,0x00000000c1748780,0x00000000c5480000)
 Metaspace       used 11257K, capacity 11428K, committed 11648K, reserved 1058816K
  class space    used 1282K, capacity 1343K, committed 1408K, reserved 1048576K
Event: 2.444 GC heap after
Heap after GC invocations=9 (full 0):
 PSYoungGen      total 9728K, used 1088K [0x00000000eb200000, 0x00000000ec200000, 0x0000000100000000)
  eden space 8192K, 0% used [0x00000000eb200000,0x00000000eb200000,0x00000000eba00000)
  from space 1536K, 70% used [0x00000000eba00000,0x00000000ebb10000,0x00000000ebb80000)
  to   space 1536K, 0% used [0x00000000ec080000,0x00000000ec080000,0x00000000ec200000)
 ParOldGen       total 64000K, used 1457K [0x00000000c1600000, 0x00000000c5480000, 0x00000000eb200000)
  object space 64000K, 2% used [0x00000000c1600000,0x00000000c176c780,0x00000000c5480000)
 Metaspace       used 11257K, capacity 11428K, committed 11648K, reserved 1058816K
  class space    used 1282K, capacity 1343K, committed 1408K, reserved 1048576K
}

Deoptimization events (4 events):
Event: 2.352 Thread 0x0000000001eca000 Uncommon trap: reason=unreached action=reinterpret pc=0x00000000103d9884 method=java.lang.AbstractStringBuilder.append(Ljava/lang/String;)Ljava/lang/AbstractStringBuilder; @ 1
Event: 2.352 Thread 0x0000000001eca000 Uncommon trap: reason=unreached action=reinterpret pc=0x00000000103d75c8 method=java.lang.AbstractStringBuilder.append(Ljava/lang/String;)Ljava/lang/AbstractStringBuilder; @ 1
Event: 2.354 Thread 0x0000000001eca000 Uncommon trap: reason=unreached action=reinterpret pc=0x0000000010455d9c method=java.util.HashMap.hash(Ljava/lang/Object;)I @ 1
Event: 2.356 Thread 0x0000000001eca000 Uncommon trap: reason=unreached action=reinterpret pc=0x0000000010377f64 method=java.util.HashMap.hash(Ljava/lang/Object;)I @ 1

Internal exceptions (10 events):
Event: 2.352 Thread 0x0000000001eca000 Implicit null exception at 0x00000000103d9546 to 0x00000000103d986d
Event: 2.352 Thread 0x0000000001eca000 Implicit null exception at 0x00000000103d7286 to 0x00000000103d75b1
Event: 2.354 Thread 0x0000000001eca000 Implicit null exception at 0x0000000010455bc5 to 0x0000000010455d8d
Event: 2.356 Thread 0x0000000001eca000 Implicit null exception at 0x0000000010377eef to 0x0000000010377f55
Event: 2.356 Thread 0x0000000001eca000 Exception <a 'java/security/PrivilegedActionException'> (0x00000000eb90c1b0) thrown at [D:\re\workspace\8-2-build-windows-amd64-cygwin\jdk8u5\2488\hotspot\src\share\vm\prims\jvm.cpp, line 1248]
Event: 2.357 Thread 0x0000000001eca000 Exception <a 'java/security/PrivilegedActionException'> (0x00000000eb912138) thrown at [D:\re\workspace\8-2-build-windows-amd64-cygwin\jdk8u5\2488\hotspot\src\share\vm\prims\jvm.cpp, line 1248]
Event: 2.360 Thread 0x0000000001eca000 Exception <a 'java/security/PrivilegedActionException'> (0x00000000eb920438) thrown at [D:\re\workspace\8-2-build-windows-amd64-cygwin\jdk8u5\2488\hotspot\src\share\vm\prims\jvm.cpp, line 1248]
Event: 2.413 Thread 0x0000000001eca000 Exception <a 'java/security/PrivilegedActionException'> (0x00000000eb930700) thrown at [D:\re\workspace\8-2-build-windows-amd64-cygwin\jdk8u5\2488\hotspot\src\share\vm\prims\jvm.cpp, line 1248]
Event: 2.477 Thread 0x0000000001eca000 Exception <a 'java/security/PrivilegedActionException'> (0x00000000eb8399c0) thrown at [D:\re\workspace\8-2-build-windows-amd64-cygwin\jdk8u5\2488\hotspot\src\share\vm\prims\jvm.cpp, line 1248]
Event: 2.538 Thread 0x0000000001eca000 Exception <a 'java/security/PrivilegedActionException'> (0x00000000eb843ee8) thrown at [D:\re\workspace\8-2-build-windows-amd64-cygwin\jdk8u5\2488\hotspot\src\share\vm\prims\jvm.cpp, line 1248]

Events (10 events):
Event: 2.445 loading class java/awt/event/MouseWheelListener done
Event: 2.445 loading class java/awt/AWTEventMulticaster done
Event: 2.451 loading class sun/awt/image/ToolkitImage
Event: 2.451 loading class sun/awt/image/ToolkitImage done
Event: 2.460 loading class java/util/concurrent/locks/LockSupport
Event: 2.461 loading class java/util/concurrent/locks/LockSupport done
Event: 2.477 loading class org/bytedeco/javacpp/helper/opencv_core$AbstractCvMemStorage$ReleaseDeallocator
Event: 2.477 loading class org/bytedeco/javacpp/helper/opencv_core$AbstractCvMemStorage$ReleaseDeallocator done
Event: 2.538 loading class org/bytedeco/javacpp/helper/opencv_core$AbstractIplImage$ReleaseDeallocator
Event: 2.538 loading class org/bytedeco/javacpp/helper/opencv_core$AbstractIplImage$ReleaseDeallocator done


Dynamic libraries:
0x000000013f940000 - 0x000000013f974000 	C:\Program Files\Java\jdk1.8.0_05\bin\java.exe
0x0000000077530000 - 0x00000000776da000 	C:\Windows\SYSTEM32\ntdll.dll
0x0000000077010000 - 0x000000007712f000 	C:\Windows\system32\kernel32.dll
0x000007fefe7c0000 - 0x000007fefe82a000 	C:\Windows\system32\KERNELBASE.dll
0x000007feff190000 - 0x000007feff26b000 	C:\Windows\system32\ADVAPI32.dll
0x000007fefeb50000 - 0x000007fefebef000 	C:\Windows\system32\msvcrt.dll
0x000007feff570000 - 0x000007feff58f000 	C:\Windows\SYSTEM32\sechost.dll
0x000007fefed40000 - 0x000007fefee6d000 	C:\Windows\system32\RPCRT4.dll
0x0000000077130000 - 0x000000007722a000 	C:\Windows\system32\USER32.dll
0x000007fefe8c0000 - 0x000007fefe927000 	C:\Windows\system32\GDI32.dll
0x000007feff660000 - 0x000007feff66e000 	C:\Windows\system32\LPK.dll
0x000007fefebf0000 - 0x000007fefecba000 	C:\Windows\system32\USP10.dll
0x000007fefb500000 - 0x000007fefb6f4000 	C:\Windows\WinSxS\amd64_microsoft.windows.common-controls_6595b64144ccf1df_6.0.7601.18837_none_fa3b1e3d17594757\COMCTL32.dll
0x000007fefe830000 - 0x000007fefe8a1000 	C:\Windows\system32\SHLWAPI.dll
0x000007feff630000 - 0x000007feff65e000 	C:\Windows\system32\IMM32.DLL
0x000007fefe9d0000 - 0x000007fefead9000 	C:\Windows\system32\MSCTF.dll
0x0000000010100000 - 0x00000000101af000 	C:\Windows\system32\csauser64.dll
0x000000000f000000 - 0x000000000f006000 	C:\Windows\system32\csadetoured.dll
0x00000000713d0000 - 0x00000000714a2000 	C:\Program Files\Java\jdk1.8.0_05\jre\bin\msvcr100.dll
0x000000006ad90000 - 0x000000006b5ba000 	C:\Program Files\Java\jdk1.8.0_05\jre\bin\server\jvm.dll
0x000007fefa060000 - 0x000007fefa069000 	C:\Windows\system32\WSOCK32.dll
0x000007feff590000 - 0x000007feff5dd000 	C:\Windows\system32\WS2_32.dll
0x000007feff670000 - 0x000007feff678000 	C:\Windows\system32\NSI.dll
0x000007fefbe60000 - 0x000007fefbe9b000 	C:\Windows\system32\WINMM.dll
0x0000000077510000 - 0x0000000077517000 	C:\Windows\system32\PSAPI.DLL
0x0000000074290000 - 0x000000007429f000 	C:\Program Files\Java\jdk1.8.0_05\jre\bin\verify.dll
0x00000000737d0000 - 0x00000000737f8000 	C:\Program Files\Java\jdk1.8.0_05\jre\bin\java.dll
0x0000000074210000 - 0x0000000074226000 	C:\Program Files\Java\jdk1.8.0_05\jre\bin\zip.dll
0x000007fefc7b0000 - 0x000007fefd539000 	C:\Windows\system32\SHELL32.dll
0x000007fefee70000 - 0x000007feff06c000 	C:\Windows\system32\ole32.dll
0x000007feff4b0000 - 0x000007feff4bf000 	C:\Windows\system32\profapi.dll
0x000007feecec0000 - 0x000007feecfaf000 	C:\Users\shipulin.mihail\.javacpp\cache\opencv-windows-x86_64.jar\org\bytedeco\javacpp\windows-x86_64\msvcr120.dll
0x000007feef430000 - 0x000007feef4d6000 	C:\Users\shipulin.mihail\.javacpp\cache\opencv-windows-x86_64.jar\org\bytedeco\javacpp\windows-x86_64\msvcp120.dll
0x000007fee9670000 - 0x000007fee98f8000 	C:\Users\shipulin.mihail\.javacpp\cache\opencv-windows-x86_64.jar\org\bytedeco\javacpp\windows-x86_64\opencv_core320.dll
0x000007fee85a0000 - 0x000007fee8902000 	C:\Users\shipulin.mihail\.javacpp\cache\opencv-windows-x86_64.jar\org\bytedeco\javacpp\windows-x86_64\opencv_imgproc320.dll
0x000007feea240000 - 0x000007feea48a000 	C:\Users\shipulin.mihail\.javacpp\cache\opencv-windows-x86_64.jar\org\bytedeco\javacpp\windows-x86_64\jniopencv_core.dll
0x0000000073860000 - 0x000000007387a000 	C:\Program Files\Java\jdk1.8.0_05\jre\bin\net.dll
0x000007fefd550000 - 0x000007fefd5a5000 	C:\Windows\system32\mswsock.dll
0x000007fefe600000 - 0x000007fefe607000 	C:\Windows\System32\wship6.dll
0x00000000734c0000 - 0x00000000734d1000 	C:\Program Files\Java\jdk1.8.0_05\jre\bin\nio.dll
0x000007feeaa90000 - 0x000007feeab80000 	C:\Users\shipulin.mihail\.javacpp\cache\opencv-windows-x86_64.jar\org\bytedeco\javacpp\windows-x86_64\jniopencv_imgproc.dll
0x000007fee82d0000 - 0x000007fee859a000 	C:\Users\shipulin.mihail\.javacpp\cache\opencv-windows-x86_64.jar\org\bytedeco\javacpp\windows-x86_64\opencv_imgcodecs320.dll
0x000007fef19f0000 - 0x000007fef1a15000 	C:\Users\shipulin.mihail\.javacpp\cache\opencv-windows-x86_64.jar\org\bytedeco\javacpp\windows-x86_64\jniopencv_imgcodecs.dll
0x000007fef16f0000 - 0x000007fef173e000 	C:\Users\shipulin.mihail\.javacpp\cache\opencv-windows-x86_64.jar\org\bytedeco\javacpp\windows-x86_64\opencv_videoio320.dll
0x000007feff0b0000 - 0x000007feff18a000 	C:\Windows\system32\OLEAUT32.dll
0x000007fef1830000 - 0x000007fef1859000 	C:\Windows\system32\MSVFW32.dll
0x000007fef23d0000 - 0x000007fef23ef000 	C:\Windows\system32\AVIFIL32.dll
0x000007fefb390000 - 0x000007fefb3a8000 	C:\Windows\system32\MSACM32.dll
0x000007fef1ef0000 - 0x000007fef1f07000 	C:\Windows\system32\AVICAP32.dll
0x000007fefd9e0000 - 0x000007fefd9ec000 	C:\Windows\system32\VERSION.dll
0x000007fef30a0000 - 0x000007fef30b7000 	C:\Users\shipulin.mihail\.javacpp\cache\opencv-windows-x86_64.jar\org\bytedeco\javacpp\windows-x86_64\jniopencv_videoio.dll
0x000007fefeb10000 - 0x000007fefeb1f000 	C:\Windows\system32\CRYPTBASE.dll
0x000007fefe930000 - 0x000007fefe9c9000 	C:\Windows\system32\CLBCatQ.DLL
0x000007fef19d0000 - 0x000007fef19e6000 	C:\Windows\system32\devenum.dll
0x000007fefe0f0000 - 0x000007fefe2c7000 	C:\Windows\system32\setupapi.dll
0x000007feff070000 - 0x000007feff0a6000 	C:\Windows\system32\CFGMGR32.dll
0x000007feff550000 - 0x000007feff56a000 	C:\Windows\system32\DEVOBJ.dll
0x000007fefc1e0000 - 0x000007fefc20d000 	C:\Windows\system32\ntmarta.dll
0x000007feff4d0000 - 0x000007feff522000 	C:\Windows\system32\WLDAP32.dll
0x0000000000320000 - 0x000000000035b000 	C:\Windows\system32\WINTRUST.dll
0x000007fefda50000 - 0x000007fefdbbd000 	C:\Windows\system32\CRYPT32.dll
0x000007feff4a0000 - 0x000007feff4af000 	C:\Windows\system32\MSASN1.dll
0x000007fef6b30000 - 0x000007fef6b3d000 	C:\Windows\system32\msdmo.dll
0x000007fef1320000 - 0x000007fef134f000 	C:\Windows\system32\qcap.dll
0x000007fee8ac0000 - 0x000007fee8c74000 	C:\Windows\system32\quartz.dll
0x000007fef0300000 - 0x000007fef0341000 	C:\Windows\system32\ksproxy.ax
0x0000000076990000 - 0x0000000076996000 	C:\Windows\system32\ksuser.dll
0x000007feef4e0000 - 0x000007feef6df000 	C:\Windows\system32\d3d9.dll
0x000007fefa7f0000 - 0x000007fefa7f7000 	C:\Windows\system32\d3d8thk.dll
0x000007fefc190000 - 0x000007fefc1a8000 	C:\Windows\system32\dwmapi.dll
0x000007fef6850000 - 0x000007fef685b000 	C:\Windows\system32\vidcap.ax
0x000007fef0b00000 - 0x000007fef0b24000 	C:\Windows\system32\kswdmcap.ax
0x000007fee9510000 - 0x000007fee966c000 	C:\Windows\system32\MFC42.dll
0x000007fef6a40000 - 0x000007fef6af1000 	C:\Windows\system32\ODBC32.dll
0x0000000073f80000 - 0x0000000073fb8000 	C:\Windows\system32\odbcint.dll
0x000007feef390000 - 0x000007feef42b000 	C:\Windows\System32\qedit.dll
0x000007feff270000 - 0x000007feff307000 	C:\Windows\system32\COMDLG32.dll
0x000007fefb0c0000 - 0x000007fefb2d6000 	C:\Windows\WinSxS\amd64_microsoft.windows.gdiplus_6595b64144ccf1df_1.1.7601.23721_none_1457f4f68b936a93\gdiplus.dll
0x000007feec950000 - 0x000007feeca41000 	C:\Windows\system32\DDRAW.dll
0x000007fefa8e0000 - 0x000007fefa8e8000 	C:\Windows\system32\DCIMAN32.dll
0x000007fef5730000 - 0x000007fef573b000 	C:\Windows\system32\msyuv.dll
0x0000000070e30000 - 0x0000000070fc6000 	C:\Program Files\Java\jdk1.8.0_05\jre\bin\awt.dll
0x0000000073150000 - 0x0000000073197000 	C:\Program Files\Java\jdk1.8.0_05\jre\bin\fontmanager.dll
0x000007fef72f0000 - 0x000007fef7415000 	C:\Windows\system32\dbghelp.dll

VM Arguments:
jvm_args: -Dfile.encoding=UTF-8 
java_command: opencv.recognition.face.MotionDetection
java_class_path (initial): C:\Users\shipulin.mihail\Desktop\javacv-bin\artoolkitplus-android-arm.jar;C:\Users\shipulin.mihail\Desktop\javacv-bin\artoolkitplus-android-x86.jar;C:\Users\shipulin.mihail\Desktop\javacv-bin\artoolkitplus-linux-armhf.jar;C:\Users\shipulin.mihail\Desktop\javacv-bin\artoolkitplus-linux-ppc64le.jar;C:\Users\shipulin.mihail\Desktop\javacv-bin\artoolkitplus-linux-x86.jar;C:\Users\shipulin.mihail\Desktop\javacv-bin\artoolkitplus-linux-x86_64.jar;C:\Users\shipulin.mihail\Desktop\javacv-bin\artoolkitplus-macosx-x86_64.jar;C:\Users\shipulin.mihail\Desktop\javacv-bin\artoolkitplus-platform.jar;C:\Users\shipulin.mihail\Desktop\javacv-bin\artoolkitplus-windows-x86.jar;C:\Users\shipulin.mihail\Desktop\javacv-bin\artoolkitplus-windows-x86_64.jar;C:\Users\shipulin.mihail\Desktop\javacv-bin\artoolkitplus.jar;C:\Users\shipulin.mihail\Desktop\javacv-bin\ffmpeg-android-arm.jar;C:\Users\shipulin.mihail\Desktop\javacv-bin\ffmpeg-android-x86.jar;C:\Users\shipulin.mihail\Desktop\javacv-bin\ffmpeg-linux-armhf.jar;C:\Users\shipulin.mihail\Desktop\javacv-bin\ffmpeg-linux-ppc64le.jar;C:\Users\shipulin.mihail\Desktop\javacv-bin\ffmpeg-linux-x86.jar;C:\Users\shipulin.mihail\Desktop\javacv-bin\ffmpeg-linux-x86_64.jar;C:\Users\shipulin.mihail\Desktop\javacv-bin\ffmpeg-macosx-x86_64.jar;C:\Users\shipulin.mihail\Desktop\javacv-bin\ffmpeg-platform.jar;C:\Users\shipulin.mihail\Desktop\javacv-bin\ffmpeg-windows-x86.jar;C:\Users\shipulin.mihail\Desktop\javacv-bin\ffmpeg-windows-x86_64.jar;C:\Users\shipulin.mihail\Desktop\javacv-bin\ffmpeg.jar;C:\Users\shipulin.mihail\Desktop\javacv-bin\flandmark-android-arm.jar;C:\Users\shipulin.mihail\Desktop\javacv-bin\flandmark-android-x86.jar;C:\Users\shipulin.mihail\Desktop\javacv-bin\flandmark-linux-armhf.jar;C:\Users\shipulin.mihail\Desktop\javacv-bin\flandmark-linux-ppc64le.jar;C:\Users\shipulin.mihail\Desktop\javacv-bin\flandmark-linux-x86.jar;C:\Users\shipulin.mihail\Desktop\javacv-bin\flandmark-linux-x86_64.jar;C:\Users\shipulin
Launcher Type: SUN_STANDARD

Environment Variables:
JAVA_HOME=C:\Program Files (x86)\Java\jdk1.8.0_101
PATH=C:\Program Files (x86)\Embarcadero\Studio\18.0\bin;C:\Users\Public\Documents\Embarcadero\Studio\18.0\Bpl;C:\Program Files (x86)\Embarcadero\Studio\18.0\bin64;C:\Users\Public\Documents\Embarcadero\Studio\18.0\Bpl\Win64;C:\ProgramData\Oracle\Java\javapath;C:\Program Files (x86)\Borland\Delphi7\Bin;C:\Program Files (x86)\Borland\Delphi7\Projects\Bpl\;C:\Inprise\vbroker\bin;D:\Program Files\oracle;D:\Distr\DBMS\instantclient-basic-nt-12.1.0.1.0\instantclient_12_1;C:\jet11.3-eval-x86\bin
USERNAME=shipulin.mihail
LD_LIBRARY_PATH=C:\Program Files\Oracle\Client32
OS=Windows_NT
PROCESSOR_IDENTIFIER=Intel64 Family 6 Model 42 Stepping 7, GenuineIntel



---------------  S Y S T E M  ---------------

OS: Windows 7 , 64 bit Build 7601 Service Pack 1

CPU:total 4 (4 cores per cpu, 1 threads per core) family 6 model 42 stepping 7, cmov, cx8, fxsr, mmx, sse, sse2, sse3, ssse3, sse4.1, sse4.2, popcnt, avx, aes, clmul, tsc, tscinvbit

Memory: 4k page, physical 4103396k(904920k free), swap 9537384k(4468112k free)

vm_info: Java HotSpot(TM) 64-Bit Server VM (25.5-b02) for windows-amd64 JRE (1.8.0_05-b13), built on Mar 18 2014 01:08:39 by "java_re" with MS VC++ 10.0 (VS2010)

time: Wed Jun 14 20:14:18 2017
elapsed time: 2 seconds

