#
# A fatal error has been detected by the Java Runtime Environment:
#
#  EXCEPTION_UNCAUGHT_CXX_EXCEPTION (0xe06d7363) at pc=0x000007fefe7da06d, pid=6172, tid=5008
#
# JRE version: Java(TM) SE Runtime Environment (8.0_05-b13) (build 1.8.0_05-b13)
# Java VM: Java HotSpot(TM) 64-Bit Server VM (25.5-b02 mixed mode windows-amd64 compressed oops)
# Problematic frame:
# C  [KERNELBASE.dll+0x1a06d]
#
# Failed to write core dump. Minidumps are not enabled by default on client versions of Windows
#
# If you would like to submit a bug report, please visit:
#   http://bugreport.sun.com/bugreport/crash.jsp
# The crash happened outside the Java Virtual Machine in native code.
# See problematic frame for where to report the bug.
#

---------------  T H R E A D  ---------------

Current thread (0x0000000001f5a000):  JavaThread "main" [_thread_in_native, id=5008, stack(0x0000000002a10000,0x0000000002b10000)]

siginfo: ExceptionCode=0xe06d7363, ExceptionInformation=0x0000000019930520 0x0000000002afefe0 0x000007fee7dacd78 0x000007fee7b60000 

Registers:
RAX=0x0000000051fe642b, RBX=0x000007fee7dacd78, RCX=0x0000000002afe850, RDX=0x00000000000000d0
RSP=0x0000000002afee60, RBP=0x0000000002afef90, RSI=0x000007fee7d3d5f8, RDI=0x0000000002afefe0
R8 =0x0000000000000000, R9 =0x0000000000000000, R10=0x000007fee7b60000, R11=0x0000000002afeea0
R12=0x00000000ffffffe5, R13=0x0000000000000000, R14=0x000007fee7d3d520, R15=0x0000000002b0f188
RIP=0x000007fefe7da06d, EFLAGS=0x0000000000000206

Top of Stack: (sp=0x0000000002afee60)
0x0000000002afee60:   000007fee7dacd78 000007fee7d3d5f8
0x0000000002afee70:   0000000002afefe0 000007feebf1a1ae
0x0000000002afee80:   00000001e06d7363 0000000000000000
0x0000000002afee90:   000007fefe7da06d 000007fe00000004
0x0000000002afeea0:   0000000019930520 0000000002afefe0
0x0000000002afeeb0:   000007fee7dacd78 000007fee7b60000
0x0000000002afeec0:   0000000000000002 0000000002afef48
0x0000000002afeed0:   0000000000000000 0000000000000002
0x0000000002afeee0:   00000000003dbe60 000007fee7d3d520
0x0000000002afeef0:   0000000002afefe0 000007feebf0d306
0x0000000002afef00:   000007fee7d3d520 0000000000000000
0x0000000002afef10:   00000000ffffffe5 0000000002afefe0
0x0000000002afef20:   000007fee7d3d5f8 000007feebf0ef63
0x0000000002afef30:   000007fee7dacd78 0000000002afefa0
0x0000000002afef40:   000007fe00000001 000007fee7b60100
0x0000000002afef50:   00000001e06d7363 0000000000000000 

Instructions: (pc=0x000007fefe7da06d)
0x000007fefe7da04d:   54 24 24 48 89 4c 24 28 4d 85 c9 0f 85 6a 03 00
0x000007fefe7da05d:   00 89 4c 24 38 48 8d 4c 24 20 ff 15 33 02 03 00
0x000007fefe7da06d:   48 81 c4 c8 00 00 00 c3 90 90 90 90 90 90 90 90
0x000007fefe7da07d:   90 90 90 48 83 ec 28 65 48 8b 04 25 30 00 00 00 


Register to memory mapping:

RAX=0x0000000051fe642b is an unknown value
RBX=0x000007fee7dacd78 is an unknown value
RCX=0x0000000002afe850 is pointing into the stack for thread: 0x0000000001f5a000
RDX=0x00000000000000d0 is an unknown value
RSP=0x0000000002afee60 is pointing into the stack for thread: 0x0000000001f5a000
RBP=0x0000000002afef90 is pointing into the stack for thread: 0x0000000001f5a000
RSI=0x000007fee7d3d5f8 is an unknown value
RDI=0x0000000002afefe0 is pointing into the stack for thread: 0x0000000001f5a000
R8 =0x0000000000000000 is an unknown value
R9 =0x0000000000000000 is an unknown value
R10=0x000007fee7b60000 is an unknown value
R11=0x0000000002afeea0 is pointing into the stack for thread: 0x0000000001f5a000
R12=0x00000000ffffffe5 is an unallocated location in the heap
R13=0x0000000000000000 is an unknown value
R14=0x000007fee7d3d520 is an unknown value
R15=0x0000000002b0f188 is pointing into the stack for thread: 0x0000000001f5a000


Stack: [0x0000000002a10000,0x0000000002b10000],  sp=0x0000000002afee60,  free space=955k
Native frames: (J=compiled Java code, j=interpreted, Vv=VM code, C=native code)
C  [KERNELBASE.dll+0x1a06d]
C  [msvcr120.dll+0x5ef63]
C  [opencv_core320.dll+0x1a2c34]
C  [opencv_core320.dll+0x1a2d76]
C  [opencv_core320.dll+0x5ac08]
C  [jniopencv_core.dll+0xb644b]
C  0x00000000101c518e

Java frames: (J=compiled Java code, j=interpreted, Vv=VM code)
j  org.bytedeco.javacpp.opencv_core.cvClearMemStorage(Lorg/bytedeco/javacpp/opencv_core$CvMemStorage;)V+0
j  opencv.recognition.face.CaptureImage.loop()V+120
j  opencv.recognition.face.CaptureImage.main([Ljava/lang/String;)V+13
v  ~StubRoutines::call_stub

---------------  P R O C E S S  ---------------

Java Threads: ( => current thread )
  0x000000000879d800 JavaThread "JavaCPP Deallocator" daemon [_thread_blocked, id=4304, stack(0x000000000a2c0000,0x000000000a3c0000)]
  0x0000000008667800 JavaThread "AWT-EventQueue-0" [_thread_blocked, id=5648, stack(0x0000000008390000,0x0000000008490000)]
  0x000000000864d000 JavaThread "AWT-Windows" daemon [_thread_in_native, id=5440, stack(0x0000000009180000,0x0000000009280000)]
  0x000000000864c000 JavaThread "AWT-Shutdown" [_thread_blocked, id=7100, stack(0x0000000009070000,0x0000000009170000)]
  0x000000000864b800 JavaThread "Java2D Disposer" daemon [_thread_blocked, id=7880, stack(0x0000000008e00000,0x0000000008f00000)]
  0x0000000007950800 JavaThread "Service Thread" daemon [_thread_blocked, id=4568, stack(0x0000000007f10000,0x0000000008010000)]
  0x00000000078db800 JavaThread "C1 CompilerThread2" daemon [_thread_blocked, id=8068, stack(0x0000000008160000,0x0000000008260000)]
  0x00000000078d7000 JavaThread "C2 CompilerThread1" daemon [_thread_blocked, id=5444, stack(0x0000000008030000,0x0000000008130000)]
  0x00000000078d0800 JavaThread "C2 CompilerThread0" daemon [_thread_blocked, id=1064, stack(0x0000000007dc0000,0x0000000007ec0000)]
  0x000000000633c800 JavaThread "Attach Listener" daemon [_thread_blocked, id=7280, stack(0x00000000077d0000,0x00000000078d0000)]
  0x0000000006339000 JavaThread "Signal Dispatcher" daemon [_thread_blocked, id=3660, stack(0x00000000075e0000,0x00000000076e0000)]
  0x00000000062d1800 JavaThread "Finalizer" daemon [_thread_blocked, id=6048, stack(0x0000000007180000,0x0000000007280000)]
  0x00000000062cc000 JavaThread "Reference Handler" daemon [_thread_blocked, id=5352, stack(0x0000000007450000,0x0000000007550000)]
=>0x0000000001f5a000 JavaThread "main" [_thread_in_native, id=5008, stack(0x0000000002a10000,0x0000000002b10000)]

Other Threads:
  0x00000000062c8000 VMThread [stack: 0x0000000007300000,0x0000000007400000] [id=7388]
  0x0000000007953800 WatcherThread [stack: 0x0000000008270000,0x0000000008370000] [id=7644]

VM state:not at safepoint (normal execution)

VM Mutex/Monitor currently owned by a thread: None

Heap:
 PSYoungGen      total 5632K, used 2377K [0x00000000eb200000, 0x00000000eb900000, 0x0000000100000000)
  eden space 4096K, 54% used [0x00000000eb200000,0x00000000eb42a548,0x00000000eb600000)
  from space 1536K, 10% used [0x00000000eb600000,0x00000000eb628000,0x00000000eb780000)
  to   space 1536K, 0% used [0x00000000eb780000,0x00000000eb780000,0x00000000eb900000)
 ParOldGen       total 64000K, used 2511K [0x00000000c1600000, 0x00000000c5480000, 0x00000000eb200000)
  object space 64000K, 3% used [0x00000000c1600000,0x00000000c1873e70,0x00000000c5480000)
 Metaspace       used 11519K, capacity 11684K, committed 11904K, reserved 1060864K
  class space    used 1305K, capacity 1343K, committed 1408K, reserved 1048576K

Card table byte_map: [0x0000000002ed0000,0x00000000030d0000] byte_map_base: 0x00000000028c5000

Marking Bits: (ParMarkBitMap*) 0x000000006b5413b0
 Begin Bits: [0x00000000037f0000, 0x0000000004798000)
 End Bits:   [0x0000000004798000, 0x0000000005740000)

Polling page: 0x0000000000140000

CodeCache: size=245760Kb used=3436Kb max_used=3436Kb free=242323Kb
 bounds [0x00000000101b0000, 0x0000000010510000, 0x000000001f1b0000]
 total_blobs=1366 nmethods=812 adapters=468
 compilation: enabled

Compilation events (10 events):
Event: 6.676 Thread 0x00000000078db800  808       3       java.util.zip.ZipEntry::<init> (146 bytes)
Event: 6.676 Thread 0x00000000078db800 nmethod 808 0x0000000010501610 code [0x0000000010501780, 0x0000000010501b68]
Event: 6.679 Thread 0x00000000078db800  809  s    3       sun.net.www.protocol.file.Handler::openConnection (7 bytes)
Event: 6.679 Thread 0x00000000078db800 nmethod 809 0x00000000105010d0 code [0x0000000010501240, 0x0000000010501548]
Event: 6.679 Thread 0x00000000078db800  810  s!   3       sun.net.www.protocol.file.Handler::openConnection (269 bytes)
Event: 6.680 Thread 0x00000000078db800 nmethod 810 0x0000000010508050 code [0x00000000105084e0, 0x000000001050b1a8]
Event: 6.681 Thread 0x00000000078db800  811       3       java.net.URI::<init> (53 bytes)
Event: 6.682 Thread 0x00000000078db800 nmethod 811 0x0000000010503450 code [0x00000000105035e0, 0x0000000010503a48]
Event: 6.682 Thread 0x00000000078db800  812       3       java.io.File::<init> (198 bytes)
Event: 6.682 Thread 0x00000000078db800 nmethod 812 0x000000001050cd10 code [0x000000001050d000, 0x000000001050e448]

GC Heap History (10 events):
Event: 2.418 GC heap before
{Heap before GC invocations=9 (full 0):
 PSYoungGen      total 5632K, used 5216K [0x00000000eb200000, 0x00000000eb900000, 0x0000000100000000)
  eden space 4096K, 100% used [0x00000000eb200000,0x00000000eb600000,0x00000000eb600000)
  from space 1536K, 72% used [0x00000000eb780000,0x00000000eb898000,0x00000000eb900000)
  to   space 1536K, 0% used [0x00000000eb600000,0x00000000eb600000,0x00000000eb780000)
 ParOldGen       total 64000K, used 1260K [0x00000000c1600000, 0x00000000c5480000, 0x00000000eb200000)
  object space 64000K, 1% used [0x00000000c1600000,0x00000000c173b060,0x00000000c5480000)
 Metaspace       used 10131K, capacity 10238K, committed 10496K, reserved 1058816K
  class space    used 1149K, capacity 1182K, committed 1280K, reserved 1048576K
Event: 2.419 GC heap after
Heap after GC invocations=9 (full 0):
 PSYoungGen      total 5632K, used 1088K [0x00000000eb200000, 0x00000000eb900000, 0x0000000100000000)
  eden space 4096K, 0% used [0x00000000eb200000,0x00000000eb200000,0x00000000eb600000)
  from space 1536K, 70% used [0x00000000eb600000,0x00000000eb710000,0x00000000eb780000)
  to   space 1536K, 0% used [0x00000000eb780000,0x00000000eb780000,0x00000000eb900000)
 ParOldGen       total 64000K, used 1660K [0x00000000c1600000, 0x00000000c5480000, 0x00000000eb200000)
  object space 64000K, 2% used [0x00000000c1600000,0x00000000c179f060,0x00000000c5480000)
 Metaspace       used 10131K, capacity 10238K, committed 10496K, reserved 1058816K
  class space    used 1149K, capacity 1182K, committed 1280K, reserved 1048576K
}
Event: 2.605 GC heap before
{Heap before GC invocations=10 (full 0):
 PSYoungGen      total 5632K, used 5184K [0x00000000eb200000, 0x00000000eb900000, 0x0000000100000000)
  eden space 4096K, 100% used [0x00000000eb200000,0x00000000eb600000,0x00000000eb600000)
  from space 1536K, 70% used [0x00000000eb600000,0x00000000eb710000,0x00000000eb780000)
  to   space 1536K, 0% used [0x00000000eb780000,0x00000000eb780000,0x00000000eb900000)
 ParOldGen       total 64000K, used 1660K [0x00000000c1600000, 0x00000000c5480000, 0x00000000eb200000)
  object space 64000K, 2% used [0x00000000c1600000,0x00000000c179f060,0x00000000c5480000)
 Metaspace       used 10654K, capacity 10782K, committed 11008K, reserved 1058816K
  class space    used 1226K, capacity 1278K, committed 1280K, reserved 1048576K
Event: 2.606 GC heap after
Heap after GC invocations=10 (full 0):
 PSYoungGen      total 5632K, used 416K [0x00000000eb200000, 0x00000000eb900000, 0x0000000100000000)
  eden space 4096K, 0% used [0x00000000eb200000,0x00000000eb200000,0x00000000eb600000)
  from space 1536K, 27% used [0x00000000eb780000,0x00000000eb7e8000,0x00000000eb900000)
  to   space 1536K, 0% used [0x00000000eb600000,0x00000000eb600000,0x00000000eb780000)
 ParOldGen       total 64000K, used 2200K [0x00000000c1600000, 0x00000000c5480000, 0x00000000eb200000)
  object space 64000K, 3% used [0x00000000c1600000,0x00000000c1826388,0x00000000c5480000)
 Metaspace       used 10654K, capacity 10782K, committed 11008K, reserved 1058816K
  class space    used 1226K, capacity 1278K, committed 1280K, reserved 1048576K
}
Event: 2.891 GC heap before
{Heap before GC invocations=11 (full 0):
 PSYoungGen      total 5632K, used 4512K [0x00000000eb200000, 0x00000000eb900000, 0x0000000100000000)
  eden space 4096K, 100% used [0x00000000eb200000,0x00000000eb600000,0x00000000eb600000)
  from space 1536K, 27% used [0x00000000eb780000,0x00000000eb7e8000,0x00000000eb900000)
  to   space 1536K, 0% used [0x00000000eb600000,0x00000000eb600000,0x00000000eb780000)
 ParOldGen       total 64000K, used 2200K [0x00000000c1600000, 0x00000000c5480000, 0x00000000eb200000)
  object space 64000K, 3% used [0x00000000c1600000,0x00000000c1826388,0x00000000c5480000)
 Metaspace       used 11188K, capacity 11332K, committed 11648K, reserved 1058816K
  class space    used 1261K, capacity 1311K, committed 1408K, reserved 1048576K
Event: 2.891 GC heap after
Heap after GC invocations=11 (full 0):
 PSYoungGen      total 5632K, used 321K [0x00000000eb200000, 0x00000000eb900000, 0x0000000100000000)
  eden space 4096K, 0% used [0x00000000eb200000,0x00000000eb200000,0x00000000eb600000)
  from space 1536K, 20% used [0x00000000eb600000,0x00000000eb6507e0,0x00000000eb780000)
  to   space 1536K, 0% used [0x00000000eb780000,0x00000000eb780000,0x00000000eb900000)
 ParOldGen       total 64000K, used 2376K [0x00000000c1600000, 0x00000000c5480000, 0x00000000eb200000)
  object space 64000K, 3% used [0x00000000c1600000,0x00000000c1852388,0x00000000c5480000)
 Metaspace       used 11188K, capacity 11332K, committed 11648K, reserved 1058816K
  class space    used 1261K, capacity 1311K, committed 1408K, reserved 1048576K
}
Event: 3.321 GC heap before
{Heap before GC invocations=12 (full 0):
 PSYoungGen      total 5632K, used 4417K [0x00000000eb200000, 0x00000000eb900000, 0x0000000100000000)
  eden space 4096K, 100% used [0x00000000eb200000,0x00000000eb600000,0x00000000eb600000)
  from space 1536K, 20% used [0x00000000eb600000,0x00000000eb6507e0,0x00000000eb780000)
  to   space 1536K, 0% used [0x00000000eb780000,0x00000000eb780000,0x00000000eb900000)
 ParOldGen       total 64000K, used 2376K [0x00000000c1600000, 0x00000000c5480000, 0x00000000eb200000)
  object space 64000K, 3% used [0x00000000c1600000,0x00000000c1852388,0x00000000c5480000)
 Metaspace       used 11414K, capacity 11556K, committed 11904K, reserved 1060864K
  class space    used 1292K, capacity 1343K, committed 1408K, reserved 1048576K
Event: 3.322 GC heap after
Heap after GC invocations=12 (full 0):
 PSYoungGen      total 5632K, used 281K [0x00000000eb200000, 0x00000000eb900000, 0x0000000100000000)
  eden space 4096K, 0% used [0x00000000eb200000,0x00000000eb200000,0x00000000eb600000)
  from space 1536K, 18% used [0x00000000eb780000,0x00000000eb7c6740,0x00000000eb900000)
  to   space 1536K, 0% used [0x00000000eb600000,0x00000000eb600000,0x00000000eb780000)
 ParOldGen       total 64000K, used 2479K [0x00000000c1600000, 0x00000000c5480000, 0x00000000eb200000)
  object space 64000K, 3% used [0x00000000c1600000,0x00000000c186be70,0x00000000c5480000)
 Metaspace       used 11414K, capacity 11556K, committed 11904K, reserved 1060864K
  class space    used 1292K, capacity 1343K, committed 1408K, reserved 1048576K
}
Event: 3.550 GC heap before
{Heap before GC invocations=13 (full 0):
 PSYoungGen      total 5632K, used 4377K [0x00000000eb200000, 0x00000000eb900000, 0x0000000100000000)
  eden space 4096K, 100% used [0x00000000eb200000,0x00000000eb600000,0x00000000eb600000)
  from space 1536K, 18% used [0x00000000eb780000,0x00000000eb7c6740,0x00000000eb900000)
  to   space 1536K, 0% used [0x00000000eb600000,0x00000000eb600000,0x00000000eb780000)
 ParOldGen       total 64000K, used 2479K [0x00000000c1600000, 0x00000000c5480000, 0x00000000eb200000)
  object space 64000K, 3% used [0x00000000c1600000,0x00000000c186be70,0x00000000c5480000)
 Metaspace       used 11468K, capacity 11620K, committed 11904K, reserved 1060864K
  class space    used 1300K, capacity 1343K, committed 1408K, reserved 1048576K
Event: 3.551 GC heap after
Heap after GC invocations=13 (full 0):
 PSYoungGen      total 5632K, used 160K [0x00000000eb200000, 0x00000000eb900000, 0x0000000100000000)
  eden space 4096K, 0% used [0x00000000eb200000,0x00000000eb200000,0x00000000eb600000)
  from space 1536K, 10% used [0x00000000eb600000,0x00000000eb628000,0x00000000eb780000)
  to   space 1536K, 0% used [0x00000000eb780000,0x00000000eb780000,0x00000000eb900000)
 ParOldGen       total 64000K, used 2511K [0x00000000c1600000, 0x00000000c5480000, 0x00000000eb200000)
  object space 64000K, 3% used [0x00000000c1600000,0x00000000c1873e70,0x00000000c5480000)
 Metaspace       used 11468K, capacity 11620K, committed 11904K, reserved 1060864K
  class space    used 1300K, capacity 1343K, committed 1408K, reserved 1048576K
}

Deoptimization events (0 events):
No events

Internal exceptions (10 events):
Event: 3.417 Thread 0x0000000001f5a000 Exception <a 'java/security/PrivilegedActionException'> (0x00000000eb32d330) thrown at [D:\re\workspace\8-2-build-windows-amd64-cygwin\jdk8u5\2488\hotspot\src\share\vm\prims\jvm.cpp, line 1248]
Event: 3.418 Thread 0x0000000001f5a000 Exception <a 'java/security/PrivilegedActionException'> (0x00000000eb3367d0) thrown at [D:\re\workspace\8-2-build-windows-amd64-cygwin\jdk8u5\2488\hotspot\src\share\vm\prims\jvm.cpp, line 1248]
Event: 3.418 Thread 0x0000000001f5a000 Exception <a 'java/security/PrivilegedActionException'> (0x00000000eb33ea10) thrown at [D:\re\workspace\8-2-build-windows-amd64-cygwin\jdk8u5\2488\hotspot\src\share\vm\prims\jvm.cpp, line 1248]
Event: 3.419 Thread 0x0000000001f5a000 Exception <a 'java/security/PrivilegedActionException'> (0x00000000eb347898) thrown at [D:\re\workspace\8-2-build-windows-amd64-cygwin\jdk8u5\2488\hotspot\src\share\vm\prims\jvm.cpp, line 1248]
Event: 3.519 Thread 0x0000000001f5a000 Exception <a 'java/security/PrivilegedActionException'> (0x00000000eb4d3f58) thrown at [D:\re\workspace\8-2-build-windows-amd64-cygwin\jdk8u5\2488\hotspot\src\share\vm\prims\jvm.cpp, line 1248]
Event: 6.665 Thread 0x0000000001f5a000 Exception <a 'java/security/PrivilegedActionException'> (0x00000000eb35c220) thrown at [D:\re\workspace\8-2-build-windows-amd64-cygwin\jdk8u5\2488\hotspot\src\share\vm\prims\jvm.cpp, line 1248]
Event: 6.682 Thread 0x0000000001f5a000 Exception <a 'java/security/PrivilegedActionException'> (0x00000000eb402988) thrown at [D:\re\workspace\8-2-build-windows-amd64-cygwin\jdk8u5\2488\hotspot\src\share\vm\prims\jvm.cpp, line 1248]
Event: 6.682 Thread 0x0000000001f5a000 Exception <a 'java/security/PrivilegedActionException'> (0x00000000eb40c520) thrown at [D:\re\workspace\8-2-build-windows-amd64-cygwin\jdk8u5\2488\hotspot\src\share\vm\prims\jvm.cpp, line 1248]
Event: 6.682 Thread 0x0000000001f5a000 Exception <a 'java/security/PrivilegedActionException'> (0x00000000eb40f7e8) thrown at [D:\re\workspace\8-2-build-windows-amd64-cygwin\jdk8u5\2488\hotspot\src\share\vm\prims\jvm.cpp, line 1248]
Event: 6.684 Thread 0x0000000001f5a000 Exception <a 'java/security/PrivilegedActionException'> (0x00000000eb4134b0) thrown at [D:\re\workspace\8-2-build-windows-amd64-cygwin\jdk8u5\2488\hotspot\src\share\vm\prims\jvm.cpp, line 1248]

Events (10 events):
Event: 6.665 loading class org/bytedeco/javacpp/annotation/Opaque
Event: 6.665 loading class org/bytedeco/javacpp/annotation/Opaque done
Event: 6.682 loading class org/bytedeco/javacpp/helper/opencv_core$AbstractIplImage$HeaderReleaseDeallocator
Event: 6.682 loading class org/bytedeco/javacpp/helper/opencv_core$AbstractIplImage$HeaderReleaseDeallocator done
Event: 6.682 loading class org/bytedeco/javacpp/Pointer$2
Event: 6.682 loading class org/bytedeco/javacpp/Pointer$2 done
Event: 6.682 loading class org/bytedeco/javacpp/Pointer$1
Event: 6.682 loading class org/bytedeco/javacpp/Pointer$1 done
Event: 6.684 loading class org/bytedeco/javacpp/helper/opencv_core$AbstractIplImage$ReleaseDeallocator
Event: 6.684 loading class org/bytedeco/javacpp/helper/opencv_core$AbstractIplImage$ReleaseDeallocator done


Dynamic libraries:
0x000000013fbc0000 - 0x000000013fbf4000 	C:\Program Files\Java\jdk1.8.0_05\bin\java.exe
0x0000000077530000 - 0x00000000776da000 	C:\Windows\SYSTEM32\ntdll.dll
0x0000000077010000 - 0x000000007712f000 	C:\Windows\system32\kernel32.dll
0x000007fefe7c0000 - 0x000007fefe82a000 	C:\Windows\system32\KERNELBASE.dll
0x000007feff190000 - 0x000007feff26b000 	C:\Windows\system32\ADVAPI32.dll
0x000007fefeb50000 - 0x000007fefebef000 	C:\Windows\system32\msvcrt.dll
0x000007feff570000 - 0x000007feff58f000 	C:\Windows\SYSTEM32\sechost.dll
0x000007fefed40000 - 0x000007fefee6d000 	C:\Windows\system32\RPCRT4.dll
0x0000000077130000 - 0x000000007722a000 	C:\Windows\system32\USER32.dll
0x000007fefe8c0000 - 0x000007fefe927000 	C:\Windows\system32\GDI32.dll
0x000007feff660000 - 0x000007feff66e000 	C:\Windows\system32\LPK.dll
0x000007fefebf0000 - 0x000007fefecba000 	C:\Windows\system32\USP10.dll
0x000007fefb500000 - 0x000007fefb6f4000 	C:\Windows\WinSxS\amd64_microsoft.windows.common-controls_6595b64144ccf1df_6.0.7601.18837_none_fa3b1e3d17594757\COMCTL32.dll
0x000007fefe830000 - 0x000007fefe8a1000 	C:\Windows\system32\SHLWAPI.dll
0x000007feff630000 - 0x000007feff65e000 	C:\Windows\system32\IMM32.DLL
0x000007fefe9d0000 - 0x000007fefead9000 	C:\Windows\system32\MSCTF.dll
0x0000000010100000 - 0x00000000101af000 	C:\Windows\system32\csauser64.dll
0x000000000f000000 - 0x000000000f006000 	C:\Windows\system32\csadetoured.dll
0x00000000713d0000 - 0x00000000714a2000 	C:\Program Files\Java\jdk1.8.0_05\jre\bin\msvcr100.dll
0x000000006ad90000 - 0x000000006b5ba000 	C:\Program Files\Java\jdk1.8.0_05\jre\bin\server\jvm.dll
0x000007fefa060000 - 0x000007fefa069000 	C:\Windows\system32\WSOCK32.dll
0x000007feff590000 - 0x000007feff5dd000 	C:\Windows\system32\WS2_32.dll
0x000007feff670000 - 0x000007feff678000 	C:\Windows\system32\NSI.dll
0x000007fefbe60000 - 0x000007fefbe9b000 	C:\Windows\system32\WINMM.dll
0x0000000077510000 - 0x0000000077517000 	C:\Windows\system32\PSAPI.DLL
0x0000000074290000 - 0x000000007429f000 	C:\Program Files\Java\jdk1.8.0_05\jre\bin\verify.dll
0x00000000737d0000 - 0x00000000737f8000 	C:\Program Files\Java\jdk1.8.0_05\jre\bin\java.dll
0x0000000074210000 - 0x0000000074226000 	C:\Program Files\Java\jdk1.8.0_05\jre\bin\zip.dll
0x000007fefc7b0000 - 0x000007fefd539000 	C:\Windows\system32\SHELL32.dll
0x000007fefee70000 - 0x000007feff06c000 	C:\Windows\system32\ole32.dll
0x000007feff4b0000 - 0x000007feff4bf000 	C:\Windows\system32\profapi.dll
0x0000000070e30000 - 0x0000000070fc6000 	C:\Program Files\Java\jdk1.8.0_05\jre\bin\awt.dll
0x000007feff0b0000 - 0x000007feff18a000 	C:\Windows\system32\OLEAUT32.dll
0x000007fefc190000 - 0x000007fefc1a8000 	C:\Windows\system32\DWMAPI.DLL
0x000007fefeb10000 - 0x000007fefeb1f000 	C:\Windows\system32\CRYPTBASE.dll
0x0000000073150000 - 0x0000000073197000 	C:\Program Files\Java\jdk1.8.0_05\jre\bin\fontmanager.dll
0x000007feebeb0000 - 0x000007feebf9f000 	C:\Users\shipulin.mihail\.javacpp\cache\opencv-windows-x86_64.jar\org\bytedeco\javacpp\windows-x86_64\msvcr120.dll
0x000007feecf00000 - 0x000007feecfa6000 	C:\Users\shipulin.mihail\.javacpp\cache\opencv-windows-x86_64.jar\org\bytedeco\javacpp\windows-x86_64\msvcp120.dll
0x000007fee7b60000 - 0x000007fee7de8000 	C:\Users\shipulin.mihail\.javacpp\cache\opencv-windows-x86_64.jar\org\bytedeco\javacpp\windows-x86_64\opencv_core320.dll
0x000007fee61e0000 - 0x000007fee6542000 	C:\Users\shipulin.mihail\.javacpp\cache\opencv-windows-x86_64.jar\org\bytedeco\javacpp\windows-x86_64\opencv_imgproc320.dll
0x000007fee8150000 - 0x000007fee839a000 	C:\Users\shipulin.mihail\.javacpp\cache\opencv-windows-x86_64.jar\org\bytedeco\javacpp\windows-x86_64\jniopencv_core.dll
0x0000000073860000 - 0x000000007387a000 	C:\Program Files\Java\jdk1.8.0_05\jre\bin\net.dll
0x000007fefd550000 - 0x000007fefd5a5000 	C:\Windows\system32\mswsock.dll
0x000007fefe600000 - 0x000007fefe607000 	C:\Windows\System32\wship6.dll
0x00000000734c0000 - 0x00000000734d1000 	C:\Program Files\Java\jdk1.8.0_05\jre\bin\nio.dll
0x000007feea9a0000 - 0x000007feeaa90000 	C:\Users\shipulin.mihail\.javacpp\cache\opencv-windows-x86_64.jar\org\bytedeco\javacpp\windows-x86_64\jniopencv_imgproc.dll
0x000007fee5f10000 - 0x000007fee61da000 	C:\Users\shipulin.mihail\.javacpp\cache\opencv-windows-x86_64.jar\org\bytedeco\javacpp\windows-x86_64\opencv_imgcodecs320.dll
0x000007fef1860000 - 0x000007fef1885000 	C:\Users\shipulin.mihail\.javacpp\cache\opencv-windows-x86_64.jar\org\bytedeco\javacpp\windows-x86_64\jniopencv_imgcodecs.dll
0x000007fef1760000 - 0x000007fef17ae000 	C:\Users\shipulin.mihail\.javacpp\cache\opencv-windows-x86_64.jar\org\bytedeco\javacpp\windows-x86_64\opencv_videoio320.dll
0x000007fef1800000 - 0x000007fef1829000 	C:\Windows\system32\MSVFW32.dll
0x000007fef23d0000 - 0x000007fef23ef000 	C:\Windows\system32\AVIFIL32.dll
0x000007fefb390000 - 0x000007fefb3a8000 	C:\Windows\system32\MSACM32.dll
0x000007fef1ef0000 - 0x000007fef1f07000 	C:\Windows\system32\AVICAP32.dll
0x000007fefd9e0000 - 0x000007fefd9ec000 	C:\Windows\system32\VERSION.dll
0x000007fef1e50000 - 0x000007fef1e67000 	C:\Users\shipulin.mihail\.javacpp\cache\opencv-windows-x86_64.jar\org\bytedeco\javacpp\windows-x86_64\jniopencv_videoio.dll
0x000007fef1320000 - 0x000007fef134c000 	C:\Users\shipulin.mihail\.javacpp\cache\opencv-windows-x86_64.jar\org\bytedeco\javacpp\windows-x86_64\opencv_highgui320.dll
0x000007feff270000 - 0x000007feff307000 	C:\Windows\system32\COMDLG32.dll
0x000007fef0af0000 - 0x000007fef0b28000 	C:\Users\shipulin.mihail\.javacpp\cache\opencv-windows-x86_64.jar\org\bytedeco\javacpp\windows-x86_64\jniopencv_highgui.dll
0x000007feeaaa0000 - 0x000007feeab73000 	C:\Users\shipulin.mihail\.javacpp\cache\opencv-windows-x86_64.jar\org\bytedeco\javacpp\windows-x86_64\opencv_ml320.dll
0x000007fef0300000 - 0x000007fef0343000 	C:\Users\shipulin.mihail\.javacpp\cache\opencv-windows-x86_64.jar\org\bytedeco\javacpp\windows-x86_64\jniopencv_ml.dll
0x000007feeecf0000 - 0x000007feeed86000 	C:\Users\shipulin.mihail\.javacpp\cache\opencv-windows-x86_64.jar\org\bytedeco\javacpp\windows-x86_64\opencv_objdetect320.dll
0x000007feefac0000 - 0x000007feefb14000 	C:\Users\shipulin.mihail\.javacpp\cache\opencv-windows-x86_64.jar\org\bytedeco\javacpp\windows-x86_64\jniopencv_objdetect.dll
0x000007fefe930000 - 0x000007fefe9c9000 	C:\Windows\system32\CLBCatQ.DLL
0x000007fef1a00000 - 0x000007fef1a16000 	C:\Windows\system32\devenum.dll
0x000007fefe0f0000 - 0x000007fefe2c7000 	C:\Windows\system32\setupapi.dll
0x000007feff070000 - 0x000007feff0a6000 	C:\Windows\system32\CFGMGR32.dll
0x000007feff550000 - 0x000007feff56a000 	C:\Windows\system32\DEVOBJ.dll
0x000007fefc1e0000 - 0x000007fefc20d000 	C:\Windows\system32\ntmarta.dll
0x000007feff4d0000 - 0x000007feff522000 	C:\Windows\system32\WLDAP32.dll
0x0000000000590000 - 0x00000000005cb000 	C:\Windows\system32\WINTRUST.dll
0x000007fefda50000 - 0x000007fefdbbd000 	C:\Windows\system32\CRYPT32.dll
0x000007feff4a0000 - 0x000007feff4af000 	C:\Windows\system32\MSASN1.dll
0x000007fefa640000 - 0x000007fefa64d000 	C:\Windows\system32\msdmo.dll
0x000007fef0220000 - 0x000007fef024f000 	C:\Windows\system32\qcap.dll
0x000007fee79a0000 - 0x000007fee7b54000 	C:\Windows\system32\quartz.dll
0x000007feeffd0000 - 0x000007fef0011000 	C:\Windows\system32\ksproxy.ax
0x0000000076990000 - 0x0000000076996000 	C:\Windows\system32\ksuser.dll
0x000007feef4e0000 - 0x000007feef6df000 	C:\Windows\system32\d3d9.dll
0x000007fefa7f0000 - 0x000007fefa7f7000 	C:\Windows\system32\d3d8thk.dll
0x000007fefa4d0000 - 0x000007fefa4db000 	C:\Windows\system32\vidcap.ax
0x000007fef01f0000 - 0x000007fef0214000 	C:\Windows\system32\kswdmcap.ax
0x000007fee7840000 - 0x000007fee799c000 	C:\Windows\system32\MFC42.dll
0x000007fef6a40000 - 0x000007fef6af1000 	C:\Windows\system32\ODBC32.dll
0x0000000073f80000 - 0x0000000073fb8000 	C:\Windows\system32\odbcint.dll
0x000007feec3c0000 - 0x000007feec45b000 	C:\Windows\System32\qedit.dll
0x000007fefb0c0000 - 0x000007fefb2d6000 	C:\Windows\WinSxS\amd64_microsoft.windows.gdiplus_6595b64144ccf1df_1.1.7601.23721_none_1457f4f68b936a93\gdiplus.dll
0x000007feec950000 - 0x000007feeca41000 	C:\Windows\system32\DDRAW.dll
0x000007fefa8e0000 - 0x000007fefa8e8000 	C:\Windows\system32\DCIMAN32.dll
0x000007fef6b20000 - 0x000007fef6b2b000 	C:\Windows\system32\msyuv.dll
0x000007fef72f0000 - 0x000007fef7415000 	C:\Windows\system32\dbghelp.dll

VM Arguments:
jvm_args: -Dfile.encoding=UTF-8 
java_command: opencv.recognition.face.CaptureImage
java_class_path (initial): C:\Users\shipulin.mihail\Desktop\javacv-bin\artoolkitplus-android-arm.jar;C:\Users\shipulin.mihail\Desktop\javacv-bin\artoolkitplus-android-x86.jar;C:\Users\shipulin.mihail\Desktop\javacv-bin\artoolkitplus-linux-armhf.jar;C:\Users\shipulin.mihail\Desktop\javacv-bin\artoolkitplus-linux-ppc64le.jar;C:\Users\shipulin.mihail\Desktop\javacv-bin\artoolkitplus-linux-x86.jar;C:\Users\shipulin.mihail\Desktop\javacv-bin\artoolkitplus-linux-x86_64.jar;C:\Users\shipulin.mihail\Desktop\javacv-bin\artoolkitplus-macosx-x86_64.jar;C:\Users\shipulin.mihail\Desktop\javacv-bin\artoolkitplus-platform.jar;C:\Users\shipulin.mihail\Desktop\javacv-bin\artoolkitplus-windows-x86.jar;C:\Users\shipulin.mihail\Desktop\javacv-bin\artoolkitplus-windows-x86_64.jar;C:\Users\shipulin.mihail\Desktop\javacv-bin\artoolkitplus.jar;C:\Users\shipulin.mihail\Desktop\javacv-bin\ffmpeg-android-arm.jar;C:\Users\shipulin.mihail\Desktop\javacv-bin\ffmpeg-android-x86.jar;C:\Users\shipulin.mihail\Desktop\javacv-bin\ffmpeg-linux-armhf.jar;C:\Users\shipulin.mihail\Desktop\javacv-bin\ffmpeg-linux-ppc64le.jar;C:\Users\shipulin.mihail\Desktop\javacv-bin\ffmpeg-linux-x86.jar;C:\Users\shipulin.mihail\Desktop\javacv-bin\ffmpeg-linux-x86_64.jar;C:\Users\shipulin.mihail\Desktop\javacv-bin\ffmpeg-macosx-x86_64.jar;C:\Users\shipulin.mihail\Desktop\javacv-bin\ffmpeg-platform.jar;C:\Users\shipulin.mihail\Desktop\javacv-bin\ffmpeg-windows-x86.jar;C:\Users\shipulin.mihail\Desktop\javacv-bin\ffmpeg-windows-x86_64.jar;C:\Users\shipulin.mihail\Desktop\javacv-bin\ffmpeg.jar;C:\Users\shipulin.mihail\Desktop\javacv-bin\flandmark-android-arm.jar;C:\Users\shipulin.mihail\Desktop\javacv-bin\flandmark-android-x86.jar;C:\Users\shipulin.mihail\Desktop\javacv-bin\flandmark-linux-armhf.jar;C:\Users\shipulin.mihail\Desktop\javacv-bin\flandmark-linux-ppc64le.jar;C:\Users\shipulin.mihail\Desktop\javacv-bin\flandmark-linux-x86.jar;C:\Users\shipulin.mihail\Desktop\javacv-bin\flandmark-linux-x86_64.jar;C:\Users\shipulin
Launcher Type: SUN_STANDARD

Environment Variables:
JAVA_HOME=C:\Program Files (x86)\Java\jdk1.8.0_101
PATH=C:\Program Files (x86)\Embarcadero\Studio\18.0\bin;C:\Users\Public\Documents\Embarcadero\Studio\18.0\Bpl;C:\Program Files (x86)\Embarcadero\Studio\18.0\bin64;C:\Users\Public\Documents\Embarcadero\Studio\18.0\Bpl\Win64;C:\ProgramData\Oracle\Java\javapath;C:\Program Files (x86)\Borland\Delphi7\Bin;C:\Program Files (x86)\Borland\Delphi7\Projects\Bpl\;C:\Inprise\vbroker\bin;D:\Program Files\oracle;D:\Distr\DBMS\instantclient-basic-nt-12.1.0.1.0\instantclient_12_1;C:\jet11.3-eval-x86\bin
USERNAME=shipulin.mihail
LD_LIBRARY_PATH=C:\Program Files\Oracle\Client32
OS=Windows_NT
PROCESSOR_IDENTIFIER=Intel64 Family 6 Model 42 Stepping 7, GenuineIntel



---------------  S Y S T E M  ---------------

OS: Windows 7 , 64 bit Build 7601 Service Pack 1

CPU:total 4 (4 cores per cpu, 1 threads per core) family 6 model 42 stepping 7, cmov, cx8, fxsr, mmx, sse, sse2, sse3, ssse3, sse4.1, sse4.2, popcnt, avx, aes, clmul, tsc, tscinvbit

Memory: 4k page, physical 4103396k(1264024k free), swap 9537384k(4737876k free)

vm_info: Java HotSpot(TM) 64-Bit Server VM (25.5-b02) for windows-amd64 JRE (1.8.0_05-b13), built on Mar 18 2014 01:08:39 by "java_re" with MS VC++ 10.0 (VS2010)

time: Wed Jun 14 19:56:37 2017
elapsed time: 6 seconds

